<?xml version="1.0" encoding="UTF-8"?>
<!-- Generated by org.testng.reporters.JUnitXMLReporter -->
<testsuite ignored="31" hostname="WS-20113" failures="7" tests="10" name="Regression_Test" time="4434.693" errors="0" timestamp="2023-01-19T14:19:46 IST">
  <testcase classname="com.netcracker.upgradeCases.BeforeUpgrade" name="Activate_2YVPInt_TvAgreement_BeforeUG on [BeforeUpgrade passed=0 failed=0 skipped=0]" time="399.302">
    <failure type="java.lang.AssertionError" message="null">
      <![CDATA[java.lang.AssertionError: null
at com.netcracker.shaw.at_shaw_sd.pageobject.BasePage.click(BasePage.java:79)
at com.netcracker.shaw.at_shaw_sd.pageobject.OrderCreationPage.selectInstallationOption(OrderCreationPage.java:3006)
at com.netcracker.upgradeCases.BeforeUpgrade.Activate_2YVPInt_TvAgreement_BeforeUG(BeforeUpgrade.java:241)
at java.base/java.util.ArrayList.forEach(ArrayList.java:1511)
... Removed 27 stack frames]]>
    </failure>
  </testcase> <!-- Activate_2YVPInt_TvAgreement_BeforeUG on [BeforeUpgrade passed=0 failed=0 skipped=0] -->
  <testcase classname="com.netcracker.upgradeCases.BeforeUpgrade" name="Adding_Channels_Promos_Pending_Order_BeforeUG on [BeforeUpgrade passed=0 failed=0 skipped=0]" time="715.043">
    <failure type="java.lang.AssertionError" message="null">
      <![CDATA[java.lang.AssertionError: null
at com.netcracker.shaw.at_shaw_sd.pageobject.BasePage.click(BasePage.java:79)
at com.netcracker.shaw.at_shaw_sd.pageobject.OrderCreationPage.forceAppointmentWithFutureDate(OrderCreationPage.java:3558)
at com.netcracker.upgradeCases.BeforeUpgrade.Adding_Channels_Promos_Pending_Order_BeforeUG(BeforeUpgrade.java:1566)
at java.base/java.util.ArrayList.forEach(ArrayList.java:1511)
... Removed 27 stack frames]]>
    </failure>
  </testcase> <!-- Adding_Channels_Promos_Pending_Order_BeforeUG on [BeforeUpgrade passed=0 failed=0 skipped=0] -->
  <testcase classname="com.netcracker.upgradeCases.BeforeUpgrade" name="Adding_VoiceMail_Secondaryline_Existing_Account_BeforeUG on [BeforeUpgrade passed=0 failed=0 skipped=0]" time="506.194"/>
  <testcase classname="com.netcracker.upgradeCases.BeforeUpgrade" name="Inflight_Cancel_Pending_Account_BeforeUG on [BeforeUpgrade passed=0 failed=0 skipped=0]" time="449.871"/>
  <testcase classname="com.netcracker.upgradeCases.BeforeUpgrade" name="Inflight_Modify_Existing_Pending_Order_BeforeUG on [BeforeUpgrade passed=0 failed=0 skipped=0]" time="488.473"/>
  <testcase classname="com.netcracker.upgradeCases.BeforeUpgrade" name="Inflight_Modify_New_Pending_Install_Account_BeforeUG on [BeforeUpgrade passed=0 failed=0 skipped=0]" time="413.687">
    <failure type="java.lang.AssertionError" message="null">
      <![CDATA[java.lang.AssertionError: null
at com.netcracker.shaw.at_shaw_sd.pageobject.OrderCreationPage.reviewAndFinishOrder(OrderCreationPage.java:3790)
at com.netcracker.upgradeCases.BeforeUpgrade.Inflight_Modify_New_Pending_Install_Account_BeforeUG(BeforeUpgrade.java:2069)
at java.base/java.util.ArrayList.forEach(ArrayList.java:1511)
... Removed 27 stack frames]]>
    </failure>
  </testcase> <!-- Inflight_Modify_New_Pending_Install_Account_BeforeUG on [BeforeUpgrade passed=0 failed=0 skipped=0] -->
  <testcase classname="com.netcracker.upgradeCases.BeforeUpgrade" name="Residential_To_Staff_XB6_BlueSky_BeforeUG on [BeforeUpgrade passed=0 failed=0 skipped=0]" time="507.721">
    <failure type="java.lang.AssertionError" message="null">
      <![CDATA[java.lang.AssertionError: null
at com.netcracker.shaw.at_shaw_sd.pageobject.OrderCreationPage.reviewAndFinishOrder(OrderCreationPage.java:3790)
at com.netcracker.upgradeCases.BeforeUpgrade.Residential_To_Staff_XB6_BlueSky_BeforeUG(BeforeUpgrade.java:452)
at java.base/java.util.ArrayList.forEach(ArrayList.java:1511)
... Removed 27 stack frames]]>
    </failure>
  </testcase> <!-- Residential_To_Staff_XB6_BlueSky_BeforeUG on [BeforeUpgrade passed=0 failed=0 skipped=0] -->
  <testcase classname="com.netcracker.upgradeCases.BeforeUpgrade" name="Staff_To_Residential_XB6_BlueSky_BeforeUG on [BeforeUpgrade passed=0 failed=0 skipped=0]" time="441.227">
    <failure type="java.lang.AssertionError" message="null">
      <![CDATA[java.lang.AssertionError: null
at com.netcracker.shaw.at_shaw_sd.pageobject.OrderCreationPage.reviewAndFinishOrder(OrderCreationPage.java:3790)
at com.netcracker.upgradeCases.BeforeUpgrade.Staff_To_Residential_XB6_BlueSky_BeforeUG(BeforeUpgrade.java:582)
at java.base/java.util.ArrayList.forEach(ArrayList.java:1511)
... Removed 27 stack frames]]>
    </failure>
  </testcase> <!-- Staff_To_Residential_XB6_BlueSky_BeforeUG on [BeforeUpgrade passed=0 failed=0 skipped=0] -->
  <testcase classname="com.netcracker.upgradeCases.BeforeUpgrade" name="Tripleplay_DPTCisco_legacyTV_Swap_OrderEntry_BeforUG on [BeforeUpgrade passed=0 failed=0 skipped=0]" time="92.005">
    <failure type="java.lang.AssertionError" message="element click intercepted: Element &amp;lt;input c=&amp;quot;UITextInput&amp;quot; maxlength=&amp;quot;25&amp;quot; tabindex=&amp;quot;13&amp;quot; hint=&amp;quot;PIN/Passphrase&amp;quot; style=&amp;quot;width: 125px; border-color: red;&amp;quot; id=&amp;quot;customer-pin_main&amp;quot; type=&amp;quot;text&amp;quot; class=&amp;quot;UITextInput UIHintTextInput-hinted VALIDATION_FAILED&amp;quot; value=&amp;quot;500081&amp;quot;&amp;gt; is not clickable at point (426, 288). Other element would receive the click: &amp;lt;div class=&amp;quot;shadowDiv&amp;quot; style=&amp;quot;display: block; z-index: 999; width: 1920px; height: 1080px;&amp;quot;&amp;gt;&amp;lt;/div&amp;gt;
  (Session info: headless chrome=109.0.5414.75)
Build info: version: &amp;apos;3.141.59&amp;apos;, revision: &amp;apos;e82be7d358&amp;apos;, time: &amp;apos;2018-11-14T08:25:53&amp;apos;
System info: host: &amp;apos;WS-20113&amp;apos;, ip: &amp;apos;10.236.154.245&amp;apos;, os.name: &amp;apos;Windows 10&amp;apos;, os.arch: &amp;apos;amd64&amp;apos;, os.version: &amp;apos;10.0&amp;apos;, java.version: &amp;apos;18.0.1&amp;apos;
Driver info: org.openqa.selenium.chrome.ChromeDriver
Capabilities {acceptInsecureCerts: false, browserName: chrome, browserVersion: 109.0.5414.75, chrome: {chromedriverVersion: 108.0.5359.71 (1e0e3868ee06..., userDataDir: C:\Users\gubh0522\AppData\L...}, goog:chromeOptions: {debuggerAddress: localhost:59055}, javascriptEnabled: true, networkConnectionEnabled: false, pageLoadStrategy: normal, platform: WINDOWS, platformName: WINDOWS, proxy: Proxy(), setWindowRect: true, strictFileInteractability: false, timeouts: {implicit: 0, pageLoad: 300000, script: 30000}, unhandledPromptBehavior: dismiss and notify, webauthn:extension:credBlob: true, webauthn:extension:largeBlob: true, webauthn:virtualAuthenticators: true}
Session ID: 4d686c78d93a03991c977578063f00b4 expected [true] but found [false]">
      <![CDATA[java.lang.AssertionError: element click intercepted: Element <input c="UITextInput" maxlength="25" tabindex="13" hint="PIN/Passphrase" style="width: 125px; border-color: red;" id="customer-pin_main" type="text" class="UITextInput UIHintTextInput-hinted VALIDATION_FAILED" value="500081"> is not clickable at point (426, 288). Other element would receive the click: <div class="shadowDiv" style="display: block; z-index: 999; width: 1920px; height: 1080px;"></div>
  (Session info: headless chrome=109.0.5414.75)
Build info: version: '3.141.59', revision: 'e82be7d358', time: '2018-11-14T08:25:53'
System info: host: 'WS-20113', ip: '10.236.154.245', os.name: 'Windows 10', os.arch: 'amd64', os.version: '10.0', java.version: '18.0.1'
Driver info: org.openqa.selenium.chrome.ChromeDriver
Capabilities {acceptInsecureCerts: false, browserName: chrome, browserVersion: 109.0.5414.75, chrome: {chromedriverVersion: 108.0.5359.71 (1e0e3868ee06..., userDataDir: C:\Users\gubh0522\AppData\L...}, goog:chromeOptions: {debuggerAddress: localhost:59055}, javascriptEnabled: true, networkConnectionEnabled: false, pageLoadStrategy: normal, platform: WINDOWS, platformName: WINDOWS, proxy: Proxy(), setWindowRect: true, strictFileInteractability: false, timeouts: {implicit: 0, pageLoad: 300000, script: 30000}, unhandledPromptBehavior: dismiss and notify, webauthn:extension:credBlob: true, webauthn:extension:largeBlob: true, webauthn:virtualAuthenticators: true}
Session ID: 4d686c78d93a03991c977578063f00b4 expected [true] but found [false]
at com.netcracker.shaw.at_shaw_sd.pageobject.OrderCreationPage.customerInformation(OrderCreationPage.java:163)
at com.netcracker.upgradeCases.BeforeUpgrade.Tripleplay_DPTCisco_legacyTV_Swap_OrderEntry_BeforUG(BeforeUpgrade.java:1022)
at java.base/java.util.ArrayList.forEach(ArrayList.java:1511)
... Removed 28 stack frames]]>
    </failure>
  </testcase> <!-- Tripleplay_DPTCisco_legacyTV_Swap_OrderEntry_BeforUG on [BeforeUpgrade passed=0 failed=0 skipped=0] -->
  <testcase classname="com.netcracker.upgradeCases.BeforeUpgrade" name="Upgrade_Offering_Tripleplay_Account_BeforeUG on [BeforeUpgrade passed=0 failed=0 skipped=0]" time="407.76">
    <failure type="java.lang.AssertionError" message="null">
      <![CDATA[java.lang.AssertionError: null
at com.netcracker.shaw.at_shaw_sd.pageobject.BasePage.click(BasePage.java:79)
at com.netcracker.shaw.at_shaw_sd.pageobject.OrderCreationPage.selectInstallationOption(OrderCreationPage.java:3006)
at com.netcracker.upgradeCases.BeforeUpgrade.Upgrade_Offering_Tripleplay_Account_BeforeUG(BeforeUpgrade.java:1837)
at java.base/java.util.ArrayList.forEach(ArrayList.java:1511)
... Removed 27 stack frames]]>
    </failure>
  </testcase> <!-- Upgrade_Offering_Tripleplay_Account_BeforeUG on [BeforeUpgrade passed=0 failed=0 skipped=0] -->
  <testcase classname="com.netcracker.upgradeCases.BeforeUpgrade" name="Cancel_Resbmit_order_XB6Conv_BeforeUG" time="0.0">
    <ignored/>
  </testcase> <!-- Cancel_Resbmit_order_XB6Conv_BeforeUG -->
  <testcase classname="com.netcracker.upgradeCases.BeforeUpgrade" name="Disconnect_Premisemove_TriplePlay_ServicesNotAvailable_targetLoc_BeforeUG" time="0.0">
    <ignored/>
  </testcase> <!-- Disconnect_Premisemove_TriplePlay_ServicesNotAvailable_targetLoc_BeforeUG -->
  <testcase classname="com.netcracker.upgradeCases.BeforeUpgrade" name="Modification_TCIS_Suspend_TriplePlay_Cancel_Order_BeforeUG" time="0.0">
    <ignored/>
  </testcase> <!-- Modification_TCIS_Suspend_TriplePlay_Cancel_Order_BeforeUG -->
  <testcase classname="com.netcracker.upgradeCases.BeforeUpgrade" name="Inflight_Removing_BlueSkyTV_XB6_Future_Dated_InterProvince_BeforeUG" time="0.0">
    <ignored/>
  </testcase> <!-- Inflight_Removing_BlueSkyTV_XB6_Future_Dated_InterProvince_BeforeUG -->
  <testcase classname="com.netcracker.upgradeCases.BeforeUpgrade" name="Disconnect_Staff_Internet_BeforeUG" time="0.0">
    <ignored/>
  </testcase> <!-- Disconnect_Staff_Internet_BeforeUG -->
  <testcase classname="com.netcracker.upgradeCases.BeforeUpgrade" name="Inflight_Cancel_BeforeUG" time="0.0">
    <ignored/>
  </testcase> <!-- Inflight_Cancel_BeforeUG -->
  <testcase classname="com.netcracker.upgradeCases.BeforeUpgrade" name="TCIS_Resume_TriplePlay_Account_BeforeUG" time="0.0">
    <ignored/>
  </testcase> <!-- TCIS_Resume_TriplePlay_Account_BeforeUG -->
  <testcase classname="com.netcracker.upgradeCases.BeforeUpgrade" name="TN_change_Ported_To_Native_DPT_BeforUG" time="0.0">
    <ignored/>
  </testcase> <!-- TN_change_Ported_To_Native_DPT_BeforUG -->
  <testcase classname="com.netcracker.upgradeCases.BeforeUpgrade" name="Removing_Eexisting_Email_Add_NewEmail_TriplePlay_BeforeUG" time="0.0">
    <ignored/>
  </testcase> <!-- Removing_Eexisting_Email_Add_NewEmail_TriplePlay_BeforeUG -->
  <testcase classname="com.netcracker.upgradeCases.BeforeUpgrade" name="Techretry_Different_SlNbr_TV_Phone_Internet_BeforeUG" time="0.0">
    <ignored/>
  </testcase> <!-- Techretry_Different_SlNbr_TV_Phone_Internet_BeforeUG -->
  <testcase classname="com.netcracker.upgradeCases.BeforeUpgrade" name="Immediate_Tab_Change_BillDay_Existing_Customer_BeforeUG" time="0.0">
    <ignored/>
  </testcase> <!-- Immediate_Tab_Change_BillDay_Existing_Customer_BeforeUG -->
  <testcase classname="com.netcracker.upgradeCases.BeforeUpgrade" name="Immediate_Scenarios_Hardware_Swap_PendingCust_BeforeUG" time="0.0">
    <ignored/>
  </testcase> <!-- Immediate_Scenarios_Hardware_Swap_PendingCust_BeforeUG -->
  <testcase classname="com.netcracker.upgradeCases.BeforeUpgrade" name="Hitron_XB6_PLfrom_Native_Native_BeforeUG" time="0.0">
    <ignored/>
  </testcase> <!-- Hitron_XB6_PLfrom_Native_Native_BeforeUG -->
  <testcase classname="com.netcracker.upgradeCases.BeforeUpgrade" name="Collection_Resume_VOD_PPV_BeforeUG" time="0.0">
    <ignored/>
  </testcase> <!-- Collection_Resume_VOD_PPV_BeforeUG -->
  <testcase classname="com.netcracker.upgradeCases.BeforeUpgrade" name="Activation_Pending_Tripleplay_BeforeUG" time="0.0">
    <ignored/>
  </testcase> <!-- Activation_Pending_Tripleplay_BeforeUG -->
  <testcase classname="com.netcracker.upgradeCases.BeforeUpgrade" name="AUP_Suspend_existing_customer_BeforeUG" time="0.0">
    <ignored/>
  </testcase> <!-- AUP_Suspend_existing_customer_BeforeUG -->
  <testcase classname="com.netcracker.upgradeCases.BeforeUpgrade" name="Inflight_Modify_Change_OfferingTo_RetailPickUp_BeforeUG" time="0.0">
    <ignored/>
  </testcase> <!-- Inflight_Modify_Change_OfferingTo_RetailPickUp_BeforeUG -->
  <testcase classname="com.netcracker.upgradeCases.BeforeUpgrade" name="Activate_PhDPT_PortedTN_LifelineAlarm_No_BeforeUG" time="0.0">
    <ignored/>
  </testcase> <!-- Activate_PhDPT_PortedTN_LifelineAlarm_No_BeforeUG -->
  <testcase classname="com.netcracker.upgradeCases.BeforeUpgrade" name="Reinstate_with_Past_Resources_BeforeUG" time="0.0">
    <ignored/>
  </testcase> <!-- Reinstate_with_Past_Resources_BeforeUG -->
  <testcase classname="com.netcracker.upgradeCases.BeforeUpgrade" name="Retail_Self_Install_Order_BeforeUG" time="0.0">
    <ignored/>
  </testcase> <!-- Retail_Self_Install_Order_BeforeUG -->
  <testcase classname="com.netcracker.upgradeCases.BeforeUpgrade" name="TechRetry_InternetFail_Phone_Success_SameSlNo_BeforUG" time="0.0">
    <ignored/>
  </testcase> <!-- TechRetry_InternetFail_Phone_Success_SameSlNo_BeforUG -->
  <testcase classname="com.netcracker.upgradeCases.BeforeUpgrade" name="AUP_Resume_TriplePlay_BeforeUG" time="0.0">
    <ignored/>
  </testcase> <!-- AUP_Resume_TriplePlay_BeforeUG -->
  <testcase classname="com.netcracker.upgradeCases.BeforeUpgrade" name="Reset_Email_PWD_Customer_Modify_Order_BeforeUG" time="0.0">
    <ignored/>
  </testcase> <!-- Reset_Email_PWD_Customer_Modify_Order_BeforeUG -->
  <testcase classname="com.netcracker.upgradeCases.BeforeUpgrade" name="TechRetry_Same_SN_PremiseMove_Gap_BlueSKY_XB6_BeforeUG" time="0.0">
    <ignored/>
  </testcase> <!-- TechRetry_Same_SN_PremiseMove_Gap_BlueSKY_XB6_BeforeUG -->
  <testcase classname="com.netcracker.upgradeCases.BeforeUpgrade" name="Immediate_Tab_Modify_PhFeacture_ConvHw_BeforeUG" time="0.0">
    <ignored/>
  </testcase> <!-- Immediate_Tab_Modify_PhFeacture_ConvHw_BeforeUG -->
  <testcase classname="com.netcracker.upgradeCases.BeforeUpgrade" name="Intra_Province_Gap_Change_LOB_During_Transfer_BeforeUG" time="0.0">
    <ignored/>
  </testcase> <!-- Intra_Province_Gap_Change_LOB_During_Transfer_BeforeUG -->
  <testcase classname="com.netcracker.upgradeCases.BeforeUpgrade" name="Collection_Suspend_Existing_Customer_BeforeUG" time="0.0">
    <ignored/>
  </testcase> <!-- Collection_Suspend_Existing_Customer_BeforeUG -->
  <testcase classname="com.netcracker.upgradeCases.BeforeUpgrade" name="Inflight_Removing_PhoneDevice_DPT_Hitron_TV_PremiseMove_CGY_CGY_BeforeUG" time="0.0">
    <ignored/>
  </testcase> <!-- Inflight_Removing_PhoneDevice_DPT_Hitron_TV_PremiseMove_CGY_CGY_BeforeUG -->
  <testcase classname="com.netcracker.upgradeCases.BeforeUpgrade" name="Immediate_Scenarios_Add_Email_ExistingCust_BeforeUG" time="0.0">
    <ignored/>
  </testcase> <!-- Immediate_Scenarios_Add_Email_ExistingCust_BeforeUG -->
  <testcase classname="com.netcracker.upgradeCases.BeforeUpgrade" name="IFC_Full_Disconnect_BeforeUG" time="0.0">
    <ignored/>
  </testcase> <!-- IFC_Full_Disconnect_BeforeUG -->
  <testcase classname="com.netcracker.upgradeCases.BeforeUpgrade" name="Reinstate_with_New_Resources_BeforeUG" time="0.0">
    <ignored/>
  </testcase> <!-- Reinstate_with_New_Resources_BeforeUG -->
</testsuite> <!-- Regression_Test -->
