<html>
<head>
<title>TestNG:  Regression_Test</title>
<link href="../testng.css" rel="stylesheet" type="text/css" />
<link href="../my-testng.css" rel="stylesheet" type="text/css" />

<style type="text/css">
.log { display: none;} 
.stack-trace { display: none;} 
</style>
<script type="text/javascript">
<!--
function flip(e) {
  current = e.style.display;
  if (current == 'block') {
    e.style.display = 'none';
    return 0;
  }
  else {
    e.style.display = 'block';
    return 1;
  }
}

function toggleBox(szDivId, elem, msg1, msg2)
{
  var res = -1;  if (document.getElementById) {
    res = flip(document.getElementById(szDivId));
  }
  else if (document.all) {
    // this is the way old msie versions work
    res = flip(document.all[szDivId]);
  }
  if(elem) {
    if(res == 0) elem.innerHTML = msg1; else elem.innerHTML = msg2;
  }

}

function toggleAllBoxes() {
  if (document.getElementsByTagName) {
    d = document.getElementsByTagName('div');
    for (i = 0; i < d.length; i++) {
      if (d[i].className == 'log') {
        flip(d[i]);
      }
    }
  }
}

// -->
</script>

</head>
<body>
<h2 align='center'>Regression_Test</h2><table border='1' align="center">
<tr>
<td>Tests passed/Failed/Skipped:</td><td>3/7/0</td>
</tr><tr>
<td>Started on:</td><td>Thu Jan 19 13:05:51 IST 2023</td>
</tr>
<tr><td>Total time:</td><td>4434 seconds (4434693 ms)</td>
</tr><tr>
<td>Included groups:</td><td></td>
</tr><tr>
<td>Excluded groups:</td><td></td>
</tr>
</table><p/>
<small><i>(Hover the method name to see the test class name)</i></small><p/>
<table width='100%' border='1' class='invocation-failed'>
<tr><td colspan='4' align='center'><b>FAILED TESTS</b></td></tr>
<tr><td><b>Test method</b></td>
<td width="30%"><b>Exception</b></td>
<td width="10%"><b>Time (seconds)</b></td>
<td><b>Instance</b></td>
</tr>
<tr>
<td title='com.netcracker.upgradeCases.BeforeUpgrade.Tripleplay_DPTCisco_legacyTV_Swap_OrderEntry_BeforUG()'><b>Tripleplay_DPTCisco_legacyTV_Swap_OrderEntry_BeforUG</b><br>Test class: com.netcracker.upgradeCases.BeforeUpgrade<br>Test method: Before Upgrade Suite<br>Parameters: {Phone_hardware=Hardware, Sub_Category=Hardware Swap, Disconnect_Reasons=N/A, TC_Name=Tripleplay_DPTCisco_legacyTV_Swap_OrderEntry_BeforUG, TV_Product=Limited TV, TV_Hardware=Yes, TCID=TC9, SOM_Initial_Count=, Run=Yes, COM_Initial_Count=, Converged_hardware=No, Status=, Tech_Appointment=No, Phone_Product=Personal Phone, Internet_hardware=Cisco, Internet_Product=Fibre+ 75}</td>
<td><div><pre>java.lang.AssertionError: element click intercepted: Element &lt;input c=&quot;UITextInput&quot; maxlength=&quot;25&quot; tabindex=&quot;13&quot; hint=&quot;PIN/Passphrase&quot; style=&quot;width: 125px; border-color: red;&quot; id=&quot;customer-pin_main&quot; type=&quot;text&quot; class=&quot;UITextInput UIHintTextInput-hinted VALIDATION_FAILED&quot; value=&quot;500081&quot;&gt; is not clickable at point (426, 288). Other element would receive the click: &lt;div class=&quot;shadowDiv&quot; style=&quot;display: block; z-index: 999; width: 1920px; height: 1080px;&quot;&gt;&lt;/div&gt;
  (Session info: headless chrome=109.0.5414.75)
Build info: version: &apos;3.141.59&apos;, revision: &apos;e82be7d358&apos;, time: &apos;2018-11-14T08:25:53&apos;
System info: host: &apos;WS-20113&apos;, ip: &apos;10.236.154.245&apos;, os.name: &apos;Windows 10&apos;, os.arch: &apos;amd64&apos;, os.version: &apos;10.0&apos;, java.version: &apos;18.0.1&apos;
Driver info: org.openqa.selenium.chrome.ChromeDriver
Capabilities {acceptInsecureCerts: false, browserName: chrome, browserVersion: 109.0.5414.75, chrome: {chromedriverVersion: 108.0.5359.71 (1e0e3868ee06..., userDataDir: C:\Users\gubh0522\AppData\L...}, goog:chromeOptions: {debuggerAddress: localhost:59055}, javascriptEnabled: true, networkConnectionEnabled: false, pageLoadStrategy: normal, platform: WINDOWS, platformName: WINDOWS, proxy: Proxy(), setWindowRect: true, strictFileInteractability: false, timeouts: {implicit: 0, pageLoad: 300000, script: 30000}, unhandledPromptBehavior: dismiss and notify, webauthn:extension:credBlob: true, webauthn:extension:largeBlob: true, webauthn:virtualAuthenticators: true}
Session ID: 4d686c78d93a03991c977578063f00b4 expected [true] but found [false]
	at com.netcracker.shaw.at_shaw_sd.pageobject.OrderCreationPage.customerInformation(OrderCreationPage.java:163)
	at com.netcracker.upgradeCases.BeforeUpgrade.Tripleplay_DPTCisco_legacyTV_Swap_OrderEntry_BeforUG(BeforeUpgrade.java:1022)
	at java.base/java.util.ArrayList.forEach(ArrayList.java:1511)
... Removed 28 stack frames</pre></div><a href='#' onClick='toggleBox("stack-trace39066756", this, "Click to show all stack frames", "Click to hide stack frames")'>Click to show all stack frames</a>
<div class='stack-trace' id='stack-trace39066756'><pre>java.lang.AssertionError: element click intercepted: Element &lt;input c=&quot;UITextInput&quot; maxlength=&quot;25&quot; tabindex=&quot;13&quot; hint=&quot;PIN/Passphrase&quot; style=&quot;width: 125px; border-color: red;&quot; id=&quot;customer-pin_main&quot; type=&quot;text&quot; class=&quot;UITextInput UIHintTextInput-hinted VALIDATION_FAILED&quot; value=&quot;500081&quot;&gt; is not clickable at point (426, 288). Other element would receive the click: &lt;div class=&quot;shadowDiv&quot; style=&quot;display: block; z-index: 999; width: 1920px; height: 1080px;&quot;&gt;&lt;/div&gt;
  (Session info: headless chrome=109.0.5414.75)
Build info: version: &apos;3.141.59&apos;, revision: &apos;e82be7d358&apos;, time: &apos;2018-11-14T08:25:53&apos;
System info: host: &apos;WS-20113&apos;, ip: &apos;10.236.154.245&apos;, os.name: &apos;Windows 10&apos;, os.arch: &apos;amd64&apos;, os.version: &apos;10.0&apos;, java.version: &apos;18.0.1&apos;
Driver info: org.openqa.selenium.chrome.ChromeDriver
Capabilities {acceptInsecureCerts: false, browserName: chrome, browserVersion: 109.0.5414.75, chrome: {chromedriverVersion: 108.0.5359.71 (1e0e3868ee06..., userDataDir: C:\Users\gubh0522\AppData\L...}, goog:chromeOptions: {debuggerAddress: localhost:59055}, javascriptEnabled: true, networkConnectionEnabled: false, pageLoadStrategy: normal, platform: WINDOWS, platformName: WINDOWS, proxy: Proxy(), setWindowRect: true, strictFileInteractability: false, timeouts: {implicit: 0, pageLoad: 300000, script: 30000}, unhandledPromptBehavior: dismiss and notify, webauthn:extension:credBlob: true, webauthn:extension:largeBlob: true, webauthn:virtualAuthenticators: true}
Session ID: 4d686c78d93a03991c977578063f00b4 expected [true] but found [false]
	at org.testng.Assert.fail(Assert.java:99)
	at org.testng.Assert.failNotEquals(Assert.java:1037)
	at org.testng.Assert.assertTrue(Assert.java:45)
	at com.netcracker.shaw.at_shaw_sd.pageobject.OrderCreationPage.customerInformation(OrderCreationPage.java:163)
	at com.netcracker.upgradeCases.BeforeUpgrade.Tripleplay_DPTCisco_legacyTV_Swap_OrderEntry_BeforUG(BeforeUpgrade.java:1022)
	at java.base/jdk.internal.reflect.DirectMethodHandleAccessor.invoke(DirectMethodHandleAccessor.java:104)
	at java.base/java.lang.reflect.Method.invoke(Method.java:577)
	at org.testng.internal.MethodInvocationHelper.invokeMethod(MethodInvocationHelper.java:133)
	at org.testng.internal.TestInvoker.invokeMethod(TestInvoker.java:598)
	at org.testng.internal.TestInvoker.invokeTestMethod(TestInvoker.java:173)
	at org.testng.internal.MethodRunner.runInSequence(MethodRunner.java:46)
	at org.testng.internal.TestInvoker$MethodInvocationAgent.invoke(TestInvoker.java:824)
	at org.testng.internal.TestInvoker.invokeTestMethods(TestInvoker.java:146)
	at org.testng.internal.TestMethodWorker.invokeTestMethods(TestMethodWorker.java:146)
	at org.testng.internal.TestMethodWorker.run(TestMethodWorker.java:128)
	at java.base/java.util.ArrayList.forEach(ArrayList.java:1511)
	at org.testng.TestRunner.privateRun(TestRunner.java:794)
	at org.testng.TestRunner.run(TestRunner.java:596)
	at org.testng.SuiteRunner.runTest(SuiteRunner.java:377)
	at org.testng.SuiteRunner.runSequentially(SuiteRunner.java:371)
	at org.testng.SuiteRunner.privateRun(SuiteRunner.java:332)
	at org.testng.SuiteRunner.run(SuiteRunner.java:276)
	at org.testng.SuiteRunnerWorker.runSuite(SuiteRunnerWorker.java:53)
	at org.testng.SuiteRunnerWorker.run(SuiteRunnerWorker.java:96)
	at org.testng.TestNG.runSuitesSequentially(TestNG.java:1212)
	at org.testng.TestNG.runSuitesLocally(TestNG.java:1134)
	at org.testng.TestNG.runSuites(TestNG.java:1063)
	at org.testng.TestNG.run(TestNG.java:1031)
	at org.testng.remote.AbstractRemoteTestNG.run(AbstractRemoteTestNG.java:115)
	at org.testng.remote.RemoteTestNG.initAndRun(RemoteTestNG.java:251)
	at org.testng.remote.RemoteTestNG.main(RemoteTestNG.java:77)
</pre></div></td>
<td>92</td>
<td>[BeforeUpgrade passed=0 failed=0 skipped=0]</td></tr>
<tr>
<td title='com.netcracker.upgradeCases.BeforeUpgrade.Residential_To_Staff_XB6_BlueSky_BeforeUG()'><b>Residential_To_Staff_XB6_BlueSky_BeforeUG</b><br>Test class: com.netcracker.upgradeCases.BeforeUpgrade<br>Test method: Before Upgrade Suite<br>Parameters: {Phone_hardware=Not Selected, Sub_Category=Modify, Disconnect_Reasons=N/A, TC_Name=Residential_To_Staff_XB6_BlueSky_BeforeUG, TV_Product=Limited TV, TV_Hardware=Yes, TCID=TC4, SOM_Initial_Count=18.0, Run=Yes, COM_Initial_Count=16.0, Converged_hardware=Both, Status=, Tech_Appointment=No, Phone_Product=Personal Phone, Internet_hardware=Not Selected, Internet_Product=Fibre+ 150}</td>
<td><div><pre>java.lang.AssertionError: null
	at com.netcracker.shaw.at_shaw_sd.pageobject.OrderCreationPage.reviewAndFinishOrder(OrderCreationPage.java:3790)
	at com.netcracker.upgradeCases.BeforeUpgrade.Residential_To_Staff_XB6_BlueSky_BeforeUG(BeforeUpgrade.java:452)
	at java.base/java.util.ArrayList.forEach(ArrayList.java:1511)
... Removed 27 stack frames</pre></div><a href='#' onClick='toggleBox("stack-trace645406395", this, "Click to show all stack frames", "Click to hide stack frames")'>Click to show all stack frames</a>
<div class='stack-trace' id='stack-trace645406395'><pre>java.lang.AssertionError: null
	at org.testng.Assert.fail(Assert.java:99)
	at org.testng.Assert.fail(Assert.java:106)
	at com.netcracker.shaw.at_shaw_sd.pageobject.OrderCreationPage.reviewAndFinishOrder(OrderCreationPage.java:3790)
	at com.netcracker.upgradeCases.BeforeUpgrade.Residential_To_Staff_XB6_BlueSky_BeforeUG(BeforeUpgrade.java:452)
	at java.base/jdk.internal.reflect.DirectMethodHandleAccessor.invoke(DirectMethodHandleAccessor.java:104)
	at java.base/java.lang.reflect.Method.invoke(Method.java:577)
	at org.testng.internal.MethodInvocationHelper.invokeMethod(MethodInvocationHelper.java:133)
	at org.testng.internal.TestInvoker.invokeMethod(TestInvoker.java:598)
	at org.testng.internal.TestInvoker.invokeTestMethod(TestInvoker.java:173)
	at org.testng.internal.MethodRunner.runInSequence(MethodRunner.java:46)
	at org.testng.internal.TestInvoker$MethodInvocationAgent.invoke(TestInvoker.java:824)
	at org.testng.internal.TestInvoker.invokeTestMethods(TestInvoker.java:146)
	at org.testng.internal.TestMethodWorker.invokeTestMethods(TestMethodWorker.java:146)
	at org.testng.internal.TestMethodWorker.run(TestMethodWorker.java:128)
	at java.base/java.util.ArrayList.forEach(ArrayList.java:1511)
	at org.testng.TestRunner.privateRun(TestRunner.java:794)
	at org.testng.TestRunner.run(TestRunner.java:596)
	at org.testng.SuiteRunner.runTest(SuiteRunner.java:377)
	at org.testng.SuiteRunner.runSequentially(SuiteRunner.java:371)
	at org.testng.SuiteRunner.privateRun(SuiteRunner.java:332)
	at org.testng.SuiteRunner.run(SuiteRunner.java:276)
	at org.testng.SuiteRunnerWorker.runSuite(SuiteRunnerWorker.java:53)
	at org.testng.SuiteRunnerWorker.run(SuiteRunnerWorker.java:96)
	at org.testng.TestNG.runSuitesSequentially(TestNG.java:1212)
	at org.testng.TestNG.runSuitesLocally(TestNG.java:1134)
	at org.testng.TestNG.runSuites(TestNG.java:1063)
	at org.testng.TestNG.run(TestNG.java:1031)
	at org.testng.remote.AbstractRemoteTestNG.run(AbstractRemoteTestNG.java:115)
	at org.testng.remote.RemoteTestNG.initAndRun(RemoteTestNG.java:251)
	at org.testng.remote.RemoteTestNG.main(RemoteTestNG.java:77)
</pre></div></td>
<td>507</td>
<td>[BeforeUpgrade passed=0 failed=0 skipped=0]</td></tr>
<tr>
<td title='com.netcracker.upgradeCases.BeforeUpgrade.Staff_To_Residential_XB6_BlueSky_BeforeUG()'><b>Staff_To_Residential_XB6_BlueSky_BeforeUG</b><br>Test class: com.netcracker.upgradeCases.BeforeUpgrade<br>Test method: Before Upgrade Suite<br>Parameters: {Phone_hardware=Not Selected, Sub_Category=Modify, Disconnect_Reasons=N/A, TC_Name=Staff_To_Residential_XB6_BlueSky_BeforeUG, TV_Product=Employee TV, TV_Hardware=Yes, TCID=TC5, SOM_Initial_Count=18.0, Run=Yes, COM_Initial_Count=16.0, Converged_hardware=Both, Status=, Tech_Appointment=No, Phone_Product=Employee Personal Phone, Internet_hardware=Not Selected, Internet_Product=Employee Internet 75}</td>
<td><div><pre>java.lang.AssertionError: null
	at com.netcracker.shaw.at_shaw_sd.pageobject.OrderCreationPage.reviewAndFinishOrder(OrderCreationPage.java:3790)
	at com.netcracker.upgradeCases.BeforeUpgrade.Staff_To_Residential_XB6_BlueSky_BeforeUG(BeforeUpgrade.java:582)
	at java.base/java.util.ArrayList.forEach(ArrayList.java:1511)
... Removed 27 stack frames</pre></div><a href='#' onClick='toggleBox("stack-trace1221109837", this, "Click to show all stack frames", "Click to hide stack frames")'>Click to show all stack frames</a>
<div class='stack-trace' id='stack-trace1221109837'><pre>java.lang.AssertionError: null
	at org.testng.Assert.fail(Assert.java:99)
	at org.testng.Assert.fail(Assert.java:106)
	at com.netcracker.shaw.at_shaw_sd.pageobject.OrderCreationPage.reviewAndFinishOrder(OrderCreationPage.java:3790)
	at com.netcracker.upgradeCases.BeforeUpgrade.Staff_To_Residential_XB6_BlueSky_BeforeUG(BeforeUpgrade.java:582)
	at java.base/jdk.internal.reflect.DirectMethodHandleAccessor.invoke(DirectMethodHandleAccessor.java:104)
	at java.base/java.lang.reflect.Method.invoke(Method.java:577)
	at org.testng.internal.MethodInvocationHelper.invokeMethod(MethodInvocationHelper.java:133)
	at org.testng.internal.TestInvoker.invokeMethod(TestInvoker.java:598)
	at org.testng.internal.TestInvoker.invokeTestMethod(TestInvoker.java:173)
	at org.testng.internal.MethodRunner.runInSequence(MethodRunner.java:46)
	at org.testng.internal.TestInvoker$MethodInvocationAgent.invoke(TestInvoker.java:824)
	at org.testng.internal.TestInvoker.invokeTestMethods(TestInvoker.java:146)
	at org.testng.internal.TestMethodWorker.invokeTestMethods(TestMethodWorker.java:146)
	at org.testng.internal.TestMethodWorker.run(TestMethodWorker.java:128)
	at java.base/java.util.ArrayList.forEach(ArrayList.java:1511)
	at org.testng.TestRunner.privateRun(TestRunner.java:794)
	at org.testng.TestRunner.run(TestRunner.java:596)
	at org.testng.SuiteRunner.runTest(SuiteRunner.java:377)
	at org.testng.SuiteRunner.runSequentially(SuiteRunner.java:371)
	at org.testng.SuiteRunner.privateRun(SuiteRunner.java:332)
	at org.testng.SuiteRunner.run(SuiteRunner.java:276)
	at org.testng.SuiteRunnerWorker.runSuite(SuiteRunnerWorker.java:53)
	at org.testng.SuiteRunnerWorker.run(SuiteRunnerWorker.java:96)
	at org.testng.TestNG.runSuitesSequentially(TestNG.java:1212)
	at org.testng.TestNG.runSuitesLocally(TestNG.java:1134)
	at org.testng.TestNG.runSuites(TestNG.java:1063)
	at org.testng.TestNG.run(TestNG.java:1031)
	at org.testng.remote.AbstractRemoteTestNG.run(AbstractRemoteTestNG.java:115)
	at org.testng.remote.RemoteTestNG.initAndRun(RemoteTestNG.java:251)
	at org.testng.remote.RemoteTestNG.main(RemoteTestNG.java:77)
</pre></div></td>
<td>441</td>
<td>[BeforeUpgrade passed=0 failed=0 skipped=0]</td></tr>
<tr>
<td title='com.netcracker.upgradeCases.BeforeUpgrade.Upgrade_Offering_Tripleplay_Account_BeforeUG()'><b>Upgrade_Offering_Tripleplay_Account_BeforeUG</b><br>Test class: com.netcracker.upgradeCases.BeforeUpgrade<br>Test method: Before Upgrade Suite<br>Parameters: {Phone_hardware=Not Selected, Sub_Category=Modify, Disconnect_Reasons=N/A, TC_Name=Upgrade_Offering_Tripleplay_Account_BeforeUG, TV_Product=Small TV Prebuilt, TV_Hardware=Yes, TCID=TC15, SOM_Initial_Count=, Run=Yes, COM_Initial_Count=, Converged_hardware=Both, Status=, Tech_Appointment=No, Phone_Product=Personal Phone, Internet_hardware=Not Selected, Internet_Product=Fibre+ 75}</td>
<td><div><pre>java.lang.AssertionError: null
	at com.netcracker.shaw.at_shaw_sd.pageobject.BasePage.click(BasePage.java:79)
	at com.netcracker.shaw.at_shaw_sd.pageobject.OrderCreationPage.selectInstallationOption(OrderCreationPage.java:3006)
	at com.netcracker.upgradeCases.BeforeUpgrade.Upgrade_Offering_Tripleplay_Account_BeforeUG(BeforeUpgrade.java:1837)
	at java.base/java.util.ArrayList.forEach(ArrayList.java:1511)
... Removed 27 stack frames</pre></div><a href='#' onClick='toggleBox("stack-trace674973229", this, "Click to show all stack frames", "Click to hide stack frames")'>Click to show all stack frames</a>
<div class='stack-trace' id='stack-trace674973229'><pre>java.lang.AssertionError: null
	at org.testng.Assert.fail(Assert.java:99)
	at org.testng.Assert.fail(Assert.java:106)
	at com.netcracker.shaw.at_shaw_sd.pageobject.BasePage.click(BasePage.java:79)
	at com.netcracker.shaw.at_shaw_sd.pageobject.OrderCreationPage.selectInstallationOption(OrderCreationPage.java:3006)
	at com.netcracker.upgradeCases.BeforeUpgrade.Upgrade_Offering_Tripleplay_Account_BeforeUG(BeforeUpgrade.java:1837)
	at java.base/jdk.internal.reflect.DirectMethodHandleAccessor.invoke(DirectMethodHandleAccessor.java:104)
	at java.base/java.lang.reflect.Method.invoke(Method.java:577)
	at org.testng.internal.MethodInvocationHelper.invokeMethod(MethodInvocationHelper.java:133)
	at org.testng.internal.TestInvoker.invokeMethod(TestInvoker.java:598)
	at org.testng.internal.TestInvoker.invokeTestMethod(TestInvoker.java:173)
	at org.testng.internal.MethodRunner.runInSequence(MethodRunner.java:46)
	at org.testng.internal.TestInvoker$MethodInvocationAgent.invoke(TestInvoker.java:824)
	at org.testng.internal.TestInvoker.invokeTestMethods(TestInvoker.java:146)
	at org.testng.internal.TestMethodWorker.invokeTestMethods(TestMethodWorker.java:146)
	at org.testng.internal.TestMethodWorker.run(TestMethodWorker.java:128)
	at java.base/java.util.ArrayList.forEach(ArrayList.java:1511)
	at org.testng.TestRunner.privateRun(TestRunner.java:794)
	at org.testng.TestRunner.run(TestRunner.java:596)
	at org.testng.SuiteRunner.runTest(SuiteRunner.java:377)
	at org.testng.SuiteRunner.runSequentially(SuiteRunner.java:371)
	at org.testng.SuiteRunner.privateRun(SuiteRunner.java:332)
	at org.testng.SuiteRunner.run(SuiteRunner.java:276)
	at org.testng.SuiteRunnerWorker.runSuite(SuiteRunnerWorker.java:53)
	at org.testng.SuiteRunnerWorker.run(SuiteRunnerWorker.java:96)
	at org.testng.TestNG.runSuitesSequentially(TestNG.java:1212)
	at org.testng.TestNG.runSuitesLocally(TestNG.java:1134)
	at org.testng.TestNG.runSuites(TestNG.java:1063)
	at org.testng.TestNG.run(TestNG.java:1031)
	at org.testng.remote.AbstractRemoteTestNG.run(AbstractRemoteTestNG.java:115)
	at org.testng.remote.RemoteTestNG.initAndRun(RemoteTestNG.java:251)
	at org.testng.remote.RemoteTestNG.main(RemoteTestNG.java:77)
</pre></div></td>
<td>407</td>
<td>[BeforeUpgrade passed=0 failed=0 skipped=0]</td></tr>
<tr>
<td title='com.netcracker.upgradeCases.BeforeUpgrade.Adding_Channels_Promos_Pending_Order_BeforeUG()'><b>Adding_Channels_Promos_Pending_Order_BeforeUG</b><br>Test class: com.netcracker.upgradeCases.BeforeUpgrade<br>Test method: Before Upgrade Suite<br>Parameters: {Phone_hardware=Not Selected, Sub_Category=Modify, Disconnect_Reasons=N/A, TC_Name=Adding_Channels_Promos_Pending_Order_BeforeUG, TV_Product=Small TV Prebuilt, TV_Hardware=Yes, TCID=TC13, SOM_Initial_Count=4.0, Run=Yes, COM_Initial_Count=13.0, Converged_hardware=Internet, Status=, Tech_Appointment=Yes, Phone_Product=Not selected, Internet_hardware=Not Selected, Internet_Product=Fibre+ 150}</td>
<td><div><pre>java.lang.AssertionError: null
	at com.netcracker.shaw.at_shaw_sd.pageobject.BasePage.click(BasePage.java:79)
	at com.netcracker.shaw.at_shaw_sd.pageobject.OrderCreationPage.forceAppointmentWithFutureDate(OrderCreationPage.java:3558)
	at com.netcracker.upgradeCases.BeforeUpgrade.Adding_Channels_Promos_Pending_Order_BeforeUG(BeforeUpgrade.java:1566)
	at java.base/java.util.ArrayList.forEach(ArrayList.java:1511)
... Removed 27 stack frames</pre></div><a href='#' onClick='toggleBox("stack-trace2022055326", this, "Click to show all stack frames", "Click to hide stack frames")'>Click to show all stack frames</a>
<div class='stack-trace' id='stack-trace2022055326'><pre>java.lang.AssertionError: null
	at org.testng.Assert.fail(Assert.java:99)
	at org.testng.Assert.fail(Assert.java:106)
	at com.netcracker.shaw.at_shaw_sd.pageobject.BasePage.click(BasePage.java:79)
	at com.netcracker.shaw.at_shaw_sd.pageobject.OrderCreationPage.forceAppointmentWithFutureDate(OrderCreationPage.java:3558)
	at com.netcracker.upgradeCases.BeforeUpgrade.Adding_Channels_Promos_Pending_Order_BeforeUG(BeforeUpgrade.java:1566)
	at java.base/jdk.internal.reflect.DirectMethodHandleAccessor.invoke(DirectMethodHandleAccessor.java:104)
	at java.base/java.lang.reflect.Method.invoke(Method.java:577)
	at org.testng.internal.MethodInvocationHelper.invokeMethod(MethodInvocationHelper.java:133)
	at org.testng.internal.TestInvoker.invokeMethod(TestInvoker.java:598)
	at org.testng.internal.TestInvoker.invokeTestMethod(TestInvoker.java:173)
	at org.testng.internal.MethodRunner.runInSequence(MethodRunner.java:46)
	at org.testng.internal.TestInvoker$MethodInvocationAgent.invoke(TestInvoker.java:824)
	at org.testng.internal.TestInvoker.invokeTestMethods(TestInvoker.java:146)
	at org.testng.internal.TestMethodWorker.invokeTestMethods(TestMethodWorker.java:146)
	at org.testng.internal.TestMethodWorker.run(TestMethodWorker.java:128)
	at java.base/java.util.ArrayList.forEach(ArrayList.java:1511)
	at org.testng.TestRunner.privateRun(TestRunner.java:794)
	at org.testng.TestRunner.run(TestRunner.java:596)
	at org.testng.SuiteRunner.runTest(SuiteRunner.java:377)
	at org.testng.SuiteRunner.runSequentially(SuiteRunner.java:371)
	at org.testng.SuiteRunner.privateRun(SuiteRunner.java:332)
	at org.testng.SuiteRunner.run(SuiteRunner.java:276)
	at org.testng.SuiteRunnerWorker.runSuite(SuiteRunnerWorker.java:53)
	at org.testng.SuiteRunnerWorker.run(SuiteRunnerWorker.java:96)
	at org.testng.TestNG.runSuitesSequentially(TestNG.java:1212)
	at org.testng.TestNG.runSuitesLocally(TestNG.java:1134)
	at org.testng.TestNG.runSuites(TestNG.java:1063)
	at org.testng.TestNG.run(TestNG.java:1031)
	at org.testng.remote.AbstractRemoteTestNG.run(AbstractRemoteTestNG.java:115)
	at org.testng.remote.RemoteTestNG.initAndRun(RemoteTestNG.java:251)
	at org.testng.remote.RemoteTestNG.main(RemoteTestNG.java:77)
</pre></div></td>
<td>715</td>
<td>[BeforeUpgrade passed=0 failed=0 skipped=0]</td></tr>
<tr>
<td title='com.netcracker.upgradeCases.BeforeUpgrade.Activate_2YVPInt_TvAgreement_BeforeUG()'><b>Activate_2YVPInt_TvAgreement_BeforeUG</b><br>Test class: com.netcracker.upgradeCases.BeforeUpgrade<br>Test method: Before Upgrade Suite<br>Parameters: {Phone_hardware=Not Selected, Sub_Category=Activation, Disconnect_Reasons=N/A, TC_Name=Activate_2YVPInt_TvAgreement_BeforeUG, TV_Product=Small TV Prebuilt, TV_Hardware=Yes, TCID=TC2, SOM_Initial_Count=4.0, Run=Yes, COM_Initial_Count=15.0, Converged_hardware=Both, Status=, Tech_Appointment=Yes, Phone_Product=Personal Phone, Internet_hardware=Not Selected, Internet_Product=Fibre+ 75}</td>
<td><div><pre>java.lang.AssertionError: null
	at com.netcracker.shaw.at_shaw_sd.pageobject.BasePage.click(BasePage.java:79)
	at com.netcracker.shaw.at_shaw_sd.pageobject.OrderCreationPage.selectInstallationOption(OrderCreationPage.java:3006)
	at com.netcracker.upgradeCases.BeforeUpgrade.Activate_2YVPInt_TvAgreement_BeforeUG(BeforeUpgrade.java:241)
	at java.base/java.util.ArrayList.forEach(ArrayList.java:1511)
... Removed 27 stack frames</pre></div><a href='#' onClick='toggleBox("stack-trace1288163341", this, "Click to show all stack frames", "Click to hide stack frames")'>Click to show all stack frames</a>
<div class='stack-trace' id='stack-trace1288163341'><pre>java.lang.AssertionError: null
	at org.testng.Assert.fail(Assert.java:99)
	at org.testng.Assert.fail(Assert.java:106)
	at com.netcracker.shaw.at_shaw_sd.pageobject.BasePage.click(BasePage.java:79)
	at com.netcracker.shaw.at_shaw_sd.pageobject.OrderCreationPage.selectInstallationOption(OrderCreationPage.java:3006)
	at com.netcracker.upgradeCases.BeforeUpgrade.Activate_2YVPInt_TvAgreement_BeforeUG(BeforeUpgrade.java:241)
	at java.base/jdk.internal.reflect.DirectMethodHandleAccessor.invoke(DirectMethodHandleAccessor.java:104)
	at java.base/java.lang.reflect.Method.invoke(Method.java:577)
	at org.testng.internal.MethodInvocationHelper.invokeMethod(MethodInvocationHelper.java:133)
	at org.testng.internal.TestInvoker.invokeMethod(TestInvoker.java:598)
	at org.testng.internal.TestInvoker.invokeTestMethod(TestInvoker.java:173)
	at org.testng.internal.MethodRunner.runInSequence(MethodRunner.java:46)
	at org.testng.internal.TestInvoker$MethodInvocationAgent.invoke(TestInvoker.java:824)
	at org.testng.internal.TestInvoker.invokeTestMethods(TestInvoker.java:146)
	at org.testng.internal.TestMethodWorker.invokeTestMethods(TestMethodWorker.java:146)
	at org.testng.internal.TestMethodWorker.run(TestMethodWorker.java:128)
	at java.base/java.util.ArrayList.forEach(ArrayList.java:1511)
	at org.testng.TestRunner.privateRun(TestRunner.java:794)
	at org.testng.TestRunner.run(TestRunner.java:596)
	at org.testng.SuiteRunner.runTest(SuiteRunner.java:377)
	at org.testng.SuiteRunner.runSequentially(SuiteRunner.java:371)
	at org.testng.SuiteRunner.privateRun(SuiteRunner.java:332)
	at org.testng.SuiteRunner.run(SuiteRunner.java:276)
	at org.testng.SuiteRunnerWorker.runSuite(SuiteRunnerWorker.java:53)
	at org.testng.SuiteRunnerWorker.run(SuiteRunnerWorker.java:96)
	at org.testng.TestNG.runSuitesSequentially(TestNG.java:1212)
	at org.testng.TestNG.runSuitesLocally(TestNG.java:1134)
	at org.testng.TestNG.runSuites(TestNG.java:1063)
	at org.testng.TestNG.run(TestNG.java:1031)
	at org.testng.remote.AbstractRemoteTestNG.run(AbstractRemoteTestNG.java:115)
	at org.testng.remote.RemoteTestNG.initAndRun(RemoteTestNG.java:251)
	at org.testng.remote.RemoteTestNG.main(RemoteTestNG.java:77)
</pre></div></td>
<td>399</td>
<td>[BeforeUpgrade passed=0 failed=0 skipped=0]</td></tr>
<tr>
<td title='com.netcracker.upgradeCases.BeforeUpgrade.Inflight_Modify_New_Pending_Install_Account_BeforeUG()'><b>Inflight_Modify_New_Pending_Install_Account_BeforeUG</b><br>Test class: com.netcracker.upgradeCases.BeforeUpgrade<br>Test method: Before Upgrade Suite<br>Parameters: {Phone_hardware=Hardware, Sub_Category=In-Flight, Disconnect_Reasons=N/A, TC_Name=Inflight_Modify_New_Pending_Install_Account_BeforeUG, TV_Product=Limited TV, TV_Hardware=No, TCID=TC17, SOM_Initial_Count=2.0, Run=Yes, COM_Initial_Count=14.0, Converged_hardware=No, Status=, Tech_Appointment=Yes, Phone_Product=Personal Phone, Internet_hardware=Cisco, Internet_Product=Fibre+ 75}</td>
<td><div><pre>java.lang.AssertionError: null
	at com.netcracker.shaw.at_shaw_sd.pageobject.OrderCreationPage.reviewAndFinishOrder(OrderCreationPage.java:3790)
	at com.netcracker.upgradeCases.BeforeUpgrade.Inflight_Modify_New_Pending_Install_Account_BeforeUG(BeforeUpgrade.java:2069)
	at java.base/java.util.ArrayList.forEach(ArrayList.java:1511)
... Removed 27 stack frames</pre></div><a href='#' onClick='toggleBox("stack-trace465300961", this, "Click to show all stack frames", "Click to hide stack frames")'>Click to show all stack frames</a>
<div class='stack-trace' id='stack-trace465300961'><pre>java.lang.AssertionError: null
	at org.testng.Assert.fail(Assert.java:99)
	at org.testng.Assert.fail(Assert.java:106)
	at com.netcracker.shaw.at_shaw_sd.pageobject.OrderCreationPage.reviewAndFinishOrder(OrderCreationPage.java:3790)
	at com.netcracker.upgradeCases.BeforeUpgrade.Inflight_Modify_New_Pending_Install_Account_BeforeUG(BeforeUpgrade.java:2069)
	at java.base/jdk.internal.reflect.DirectMethodHandleAccessor.invoke(DirectMethodHandleAccessor.java:104)
	at java.base/java.lang.reflect.Method.invoke(Method.java:577)
	at org.testng.internal.MethodInvocationHelper.invokeMethod(MethodInvocationHelper.java:133)
	at org.testng.internal.TestInvoker.invokeMethod(TestInvoker.java:598)
	at org.testng.internal.TestInvoker.invokeTestMethod(TestInvoker.java:173)
	at org.testng.internal.MethodRunner.runInSequence(MethodRunner.java:46)
	at org.testng.internal.TestInvoker$MethodInvocationAgent.invoke(TestInvoker.java:824)
	at org.testng.internal.TestInvoker.invokeTestMethods(TestInvoker.java:146)
	at org.testng.internal.TestMethodWorker.invokeTestMethods(TestMethodWorker.java:146)
	at org.testng.internal.TestMethodWorker.run(TestMethodWorker.java:128)
	at java.base/java.util.ArrayList.forEach(ArrayList.java:1511)
	at org.testng.TestRunner.privateRun(TestRunner.java:794)
	at org.testng.TestRunner.run(TestRunner.java:596)
	at org.testng.SuiteRunner.runTest(SuiteRunner.java:377)
	at org.testng.SuiteRunner.runSequentially(SuiteRunner.java:371)
	at org.testng.SuiteRunner.privateRun(SuiteRunner.java:332)
	at org.testng.SuiteRunner.run(SuiteRunner.java:276)
	at org.testng.SuiteRunnerWorker.runSuite(SuiteRunnerWorker.java:53)
	at org.testng.SuiteRunnerWorker.run(SuiteRunnerWorker.java:96)
	at org.testng.TestNG.runSuitesSequentially(TestNG.java:1212)
	at org.testng.TestNG.runSuitesLocally(TestNG.java:1134)
	at org.testng.TestNG.runSuites(TestNG.java:1063)
	at org.testng.TestNG.run(TestNG.java:1031)
	at org.testng.remote.AbstractRemoteTestNG.run(AbstractRemoteTestNG.java:115)
	at org.testng.remote.RemoteTestNG.initAndRun(RemoteTestNG.java:251)
	at org.testng.remote.RemoteTestNG.main(RemoteTestNG.java:77)
</pre></div></td>
<td>413</td>
<td>[BeforeUpgrade passed=0 failed=0 skipped=0]</td></tr>
</table><p>
<table width='100%' border='1' class='invocation-passed'>
<tr><td colspan='4' align='center'><b>PASSED TESTS</b></td></tr>
<tr><td><b>Test method</b></td>
<td width="30%"><b>Exception</b></td>
<td width="10%"><b>Time (seconds)</b></td>
<td><b>Instance</b></td>
</tr>
<tr>
<td title='com.netcracker.upgradeCases.BeforeUpgrade.Inflight_Cancel_Pending_Account_BeforeUG()'><b>Inflight_Cancel_Pending_Account_BeforeUG</b><br>Test class: com.netcracker.upgradeCases.BeforeUpgrade<br>Test method: Before Upgrade Suite<br>Parameters: {Phone_hardware=Not Selected, Sub_Category=In-Flight, Disconnect_Reasons=N/A, TC_Name=Inflight_Cancel_Pending_Account_BeforeUG, TV_Product=Limited TV, TV_Hardware=Yes, TCID=TC16, SOM_Initial_Count=, Run=Yes, COM_Initial_Count=, Converged_hardware=No, Status=, Tech_Appointment=Yes, Phone_Product=Not selected, Internet_hardware=Hitron, Internet_Product=Fibre+ 75}</td>
<td></td>
<td>449</td>
<td>[BeforeUpgrade passed=0 failed=0 skipped=0]</td></tr>
<tr>
<td title='com.netcracker.upgradeCases.BeforeUpgrade.Adding_VoiceMail_Secondaryline_Existing_Account_BeforeUG()'><b>Adding_VoiceMail_Secondaryline_Existing_Account_BeforeUG</b><br>Test class: com.netcracker.upgradeCases.BeforeUpgrade<br>Test method: Before Upgrade Suite<br>Parameters: {Phone_hardware=Hardware, Sub_Category=Modify, Disconnect_Reasons=N/A, TC_Name=Adding_VoiceMail_Secondaryline_Existing_Account_BeforeUG, TV_Product=Limited TV, TV_Hardware=Yes, TCID=TC14, SOM_Initial_Count=5.0, Run=Yes, COM_Initial_Count=10.0, Converged_hardware=No, Status=, Tech_Appointment=No, Phone_Product=Personal Phone, Internet_hardware=Not Selected, Internet_Product=Not Selected}</td>
<td></td>
<td>506</td>
<td>[BeforeUpgrade passed=0 failed=0 skipped=0]</td></tr>
<tr>
<td title='com.netcracker.upgradeCases.BeforeUpgrade.Inflight_Modify_Existing_Pending_Order_BeforeUG()'><b>Inflight_Modify_Existing_Pending_Order_BeforeUG</b><br>Test class: com.netcracker.upgradeCases.BeforeUpgrade<br>Test method: Before Upgrade Suite<br>Parameters: {Phone_hardware=Not Selected, Sub_Category=In-Flight, Disconnect_Reasons=N/A, TC_Name=Inflight_Modify_Existing_Pending_Order_BeforeUG, TV_Product=Limited TV, TV_Hardware=No, TCID=TC11, SOM_Initial_Count=, Run=Yes, COM_Initial_Count=, Converged_hardware=Internet, Status=, Tech_Appointment=No, Phone_Product=Not selected, Internet_hardware=Not Selected, Internet_Product=Fibre+ 150}</td>
<td></td>
<td>488</td>
<td>[BeforeUpgrade passed=0 failed=0 skipped=0]</td></tr>
</table><p>
</body>
</html>