<?xml version="1.0" encoding="UTF-8"?>
<testng-results ignored="214" total="215" passed="0" failed="1" skipped="0">
  <reporter-output>
  </reporter-output>
  <suite started-at="2023-03-03T14:48:21 IST" name="Regression Suite" finished-at="2023-03-03T14:50:04 IST" duration-ms="103196">
    <groups>
    </groups>
    <test started-at="2023-03-03T14:48:21 IST" name="Regression_Test" finished-at="2023-03-03T14:50:04 IST" duration-ms="103196">
      <class name="com.netcracker.shaw.ModifyCases">
        <test-method is-config="true" signature="beforeClass()[pri:0, instance:[ModifyCases passed=0 failed=0 skipped=0]]" started-at="2023-03-03T14:48:21 IST" name="beforeClass" finished-at="2023-03-03T14:48:21 IST" duration-ms="36" status="PASS">
          <reporter-output>
          </reporter-output>
        </test-method> <!-- beforeClass -->
        <test-method is-config="true" signature="beforeMethod(java.lang.reflect.Method,org.testng.ITestContext)[pri:0, instance:[ModifyCases passed=0 failed=0 skipped=0]]" started-at="2023-03-03T14:48:21 IST" name="beforeMethod" finished-at="2023-03-03T14:48:23 IST" duration-ms="1809" status="PASS">
          <params>
            <param index="0">
              <value>
                <![CDATA[public void com.netcracker.shaw.ModifyCases.Validate_Residental_to_Tenant_Account_Type_Change_during_Modify(java.util.Hashtable) throws java.lang.Exception]]>
              </value>
            </param>
            <param index="1">
              <value>
                <![CDATA[org.testng.TestRunner@56872fcb]]>
              </value>
            </param>
          </params>
          <reporter-output>
          </reporter-output>
        </test-method> <!-- beforeMethod -->
        <test-method signature="Validate_Residental_to_Tenant_Account_Type_Change_during_Modify(java.util.Hashtable)[pri:0, instance:[ModifyCases passed=0 failed=0 skipped=0]]" started-at="2023-03-03T14:48:23 IST" name="Validate_Residental_to_Tenant_Account_Type_Change_during_Modify" description="Priority-2" data-provider="getTestData" finished-at="2023-03-03T14:50:03 IST" duration-ms="100407" status="FAIL">
          <params>
            <param index="0">
              <value>
                <![CDATA[{CLEC_Order_Count=, Internet_Product=Fibre+ 150, TV_Hardware=Yes, SOM_Order_Count=15.0, TC_Name=Validate_Residental_to_Tenant_Account_Type_Change_during_Modify, Phone_Product=Not selected, Status=, Disconnect_Reasons=N/A, Phone_hardware=Not Selected, COM_Initial_Count=12.0, Sub_Category=Modify, SOM_Initial_Count=11.0, Tech_Appointment=No, Run=Yes, TV_Product=Small TV Prebuilt, Internet_hardware=Hitron, Converged_hardware=Not Selected, TCID=TC168, COM_Order_Count=20.0}]]>
              </value>
            </param>
          </params>
          <exception class="java.lang.AssertionError">
            <message>
              <![CDATA[element click intercepted: Element <input c="UITextInput" maxlength="15" tabindex="4" enabledchars="[a-zA-Z \-']" style="width:240px;" id="customer-first-name_main" type="text" class="UITextInput" value=""> is not clickable at point (368, 202). Other element would receive the click: <div class="shadowDiv" style="display: block; z-index: 999; width: 1280px; height: 564px;"></div>
  (Session info: chrome=110.0.5481.178)
Build info: version: '3.141.59', revision: 'e82be7d358', time: '2018-11-14T08:25:53'
System info: host: 'WS-16393', ip: '10.236.177.81', os.name: 'Windows 10', os.arch: 'amd64', os.version: '10.0', java.version: '16.0.2'
Driver info: org.openqa.selenium.chrome.ChromeDriver
Capabilities {acceptInsecureCerts: false, browserName: chrome, browserVersion: 110.0.5481.178, chrome: {chromedriverVersion: 109.0.5414.74 (e7c5703604da..., userDataDir: C:\Users\vosn0721\AppData\L...}, goog:chromeOptions: {debuggerAddress: localhost:55560}, javascriptEnabled: true, networkConnectionEnabled: false, pageLoadStrategy: normal, platform: WINDOWS, platformName: WINDOWS, proxy: Proxy(), setWindowRect: true, strictFileInteractability: false, timeouts: {implicit: 0, pageLoad: 300000, script: 30000}, unhandledPromptBehavior: dismiss and notify, webauthn:extension:credBlob: true, webauthn:extension:largeBlob: true, webauthn:virtualAuthenticators: true}
Session ID: 30334a67ea1ce7d8367f3438c73800b3 expected [true] but found [false]]]>
            </message>
            <full-stacktrace>
              <![CDATA[java.lang.AssertionError: element click intercepted: Element <input c="UITextInput" maxlength="15" tabindex="4" enabledchars="[a-zA-Z \-']" style="width:240px;" id="customer-first-name_main" type="text" class="UITextInput" value=""> is not clickable at point (368, 202). Other element would receive the click: <div class="shadowDiv" style="display: block; z-index: 999; width: 1280px; height: 564px;"></div>
  (Session info: chrome=110.0.5481.178)
Build info: version: '3.141.59', revision: 'e82be7d358', time: '2018-11-14T08:25:53'
System info: host: 'WS-16393', ip: '10.236.177.81', os.name: 'Windows 10', os.arch: 'amd64', os.version: '10.0', java.version: '16.0.2'
Driver info: org.openqa.selenium.chrome.ChromeDriver
Capabilities {acceptInsecureCerts: false, browserName: chrome, browserVersion: 110.0.5481.178, chrome: {chromedriverVersion: 109.0.5414.74 (e7c5703604da..., userDataDir: C:\Users\vosn0721\AppData\L...}, goog:chromeOptions: {debuggerAddress: localhost:55560}, javascriptEnabled: true, networkConnectionEnabled: false, pageLoadStrategy: normal, platform: WINDOWS, platformName: WINDOWS, proxy: Proxy(), setWindowRect: true, strictFileInteractability: false, timeouts: {implicit: 0, pageLoad: 300000, script: 30000}, unhandledPromptBehavior: dismiss and notify, webauthn:extension:credBlob: true, webauthn:extension:largeBlob: true, webauthn:virtualAuthenticators: true}
Session ID: 30334a67ea1ce7d8367f3438c73800b3 expected [true] but found [false]
at org.testng.Assert.fail(Assert.java:99)
at org.testng.Assert.failNotEquals(Assert.java:1037)
at org.testng.Assert.assertTrue(Assert.java:45)
at com.netcracker.shaw.at_shaw_sd.pageobject.OrderCreationPage.mduCustomerInformation(OrderCreationPage.java:383)
at com.netcracker.shaw.ModifyCases.Validate_Residental_to_Tenant_Account_Type_Change_during_Modify(ModifyCases.java:5222)
at java.base/jdk.internal.reflect.NativeMethodAccessorImpl.invoke0(Native Method)
at java.base/jdk.internal.reflect.NativeMethodAccessorImpl.invoke(NativeMethodAccessorImpl.java:78)
at java.base/jdk.internal.reflect.DelegatingMethodAccessorImpl.invoke(DelegatingMethodAccessorImpl.java:43)
at java.base/java.lang.reflect.Method.invoke(Method.java:567)
at org.testng.internal.MethodInvocationHelper.invokeMethod(MethodInvocationHelper.java:133)
at org.testng.internal.TestInvoker.invokeMethod(TestInvoker.java:598)
at org.testng.internal.TestInvoker.invokeTestMethod(TestInvoker.java:173)
at org.testng.internal.MethodRunner.runInSequence(MethodRunner.java:46)
at org.testng.internal.TestInvoker$MethodInvocationAgent.invoke(TestInvoker.java:824)
at org.testng.internal.TestInvoker.invokeTestMethods(TestInvoker.java:146)
at org.testng.internal.TestMethodWorker.invokeTestMethods(TestMethodWorker.java:146)
at org.testng.internal.TestMethodWorker.run(TestMethodWorker.java:128)
at java.base/java.util.ArrayList.forEach(ArrayList.java:1511)
at org.testng.TestRunner.privateRun(TestRunner.java:794)
at org.testng.TestRunner.run(TestRunner.java:596)
at org.testng.SuiteRunner.runTest(SuiteRunner.java:377)
at org.testng.SuiteRunner.runSequentially(SuiteRunner.java:371)
at org.testng.SuiteRunner.privateRun(SuiteRunner.java:332)
at org.testng.SuiteRunner.run(SuiteRunner.java:276)
at org.testng.SuiteRunnerWorker.runSuite(SuiteRunnerWorker.java:53)
at org.testng.SuiteRunnerWorker.run(SuiteRunnerWorker.java:96)
at org.testng.TestNG.runSuitesSequentially(TestNG.java:1212)
at org.testng.TestNG.runSuitesLocally(TestNG.java:1134)
at org.testng.TestNG.runSuites(TestNG.java:1063)
at org.testng.TestNG.run(TestNG.java:1031)
at org.testng.remote.AbstractRemoteTestNG.run(AbstractRemoteTestNG.java:115)
at org.testng.remote.RemoteTestNG.initAndRun(RemoteTestNG.java:251)
at org.testng.remote.RemoteTestNG.main(RemoteTestNG.java:77)
]]>
            </full-stacktrace>
          </exception> <!-- java.lang.AssertionError -->
          <reporter-output>
          </reporter-output>
        </test-method> <!-- Validate_Residental_to_Tenant_Account_Type_Change_during_Modify -->
        <test-method is-config="true" signature="afterMethod(org.testng.ITestResult,java.lang.reflect.Method,org.testng.ITestContext)[pri:0, instance:[ModifyCases passed=0 failed=0 skipped=0]]" started-at="2023-03-03T14:50:03 IST" name="afterMethod" finished-at="2023-03-03T14:50:04 IST" duration-ms="796" status="PASS">
          <params>
            <param index="0">
              <value>
                <![CDATA[[TestResult name=Validate_Residental_to_Tenant_Account_Type_Change_during_Modify on [ModifyCases passed=0 failed=0 skipped=0] status=FAILURE method=ModifyCases.Validate_Residental_to_Tenant_Account_Type_Change_during_Modify(java.util.Hashtable)[pri:0, instance:[ModifyCases passed=0 failed=0 skipped=0]] output={null}]]]>
              </value>
            </param>
            <param index="1">
              <value>
                <![CDATA[public void com.netcracker.shaw.ModifyCases.Validate_Residental_to_Tenant_Account_Type_Change_during_Modify(java.util.Hashtable) throws java.lang.Exception]]>
              </value>
            </param>
            <param index="2">
              <value>
                <![CDATA[org.testng.TestRunner@56872fcb]]>
              </value>
            </param>
          </params>
          <reporter-output>
          </reporter-output>
        </test-method> <!-- afterMethod -->
        <test-method is-config="true" signature="updateReport()[pri:0, instance:[ModifyCases passed=0 failed=0 skipped=0]]" started-at="2023-03-03T14:50:04 IST" name="updateReport" finished-at="2023-03-03T14:50:04 IST" duration-ms="84" status="PASS">
          <reporter-output>
          </reporter-output>
        </test-method> <!-- updateReport -->
      </class> <!-- com.netcracker.shaw.ModifyCases -->
      <class name="com.netcracker.shaw.ActivateCases">
        <test-method is-config="true" signature="killActiveProcess()[pri:0, instance:[ActivateCases passed=0 failed=0 skipped=0]]" started-at="2023-03-03T14:48:21 IST" name="killActiveProcess" finished-at="2023-03-03T14:48:21 IST" duration-ms="52" status="PASS">
          <reporter-output>
          </reporter-output>
        </test-method> <!-- killActiveProcess -->
        <test-method is-config="true" signature="generateSummary()[pri:0, instance:[ActivateCases passed=0 failed=0 skipped=0]]" started-at="2023-03-03T14:50:04 IST" name="generateSummary" finished-at="2023-03-03T14:50:04 IST" duration-ms="4" status="PASS">
          <reporter-output>
          </reporter-output>
        </test-method> <!-- generateSummary -->
      </class> <!-- com.netcracker.shaw.ActivateCases -->
    </test> <!-- Regression_Test -->
  </suite> <!-- Regression Suite -->
</testng-results>
