<?xml version="1.0" encoding="UTF-8"?>
<!-- Generated by org.testng.reporters.JUnitReportReporter -->
<testsuite hostname="WS-20113" failures="7" tests="41" name="com.netcracker.upgradeCases.BeforeUpgrade" time="4434.592" errors="0" timestamp="2023-01-19T14:19:46 IST" skipped="31">
  <testcase classname="com.netcracker.upgradeCases.BeforeUpgrade" name="Tripleplay_DPTCisco_legacyTV_Swap_OrderEntry_BeforUG" time="95.639">
    <failure message="element click intercepted: Element &lt;input c=&quot;UITextInput&quot; maxlength=&quot;25&quot; tabindex=&quot;13&quot; hint=&quot;PIN/Passphrase&quot; style=&quot;width: 125px; border-color: red;&quot; id=&quot;customer-pin_main&quot; type=&quot;text&quot; class=&quot;UITextInput UIHintTextInput-hinted VALIDATION_FAILED&quot; value=&quot;500081&quot;&gt; is not clickable at point (426, 288). Other element would receive the click: &lt;div class=&quot;shadowDiv&quot; style=&quot;display: block; z-index: 999; width: 1920px; height: 1080px;&quot;&gt;&lt;/div&gt;
  (Session info: headless chrome=109.0.5414.75)
Build info: version: &#039;3.141.59&#039;, revision: &#039;e82be7d358&#039;, time: &#039;2018-11-14T08:25:53&#039;
System info: host: &#039;WS-20113&#039;, ip: &#039;10.236.154.245&#039;, os.name: &#039;Windows 10&#039;, os.arch: &#039;amd64&#039;, os.version: &#039;10.0&#039;, java.version: &#039;18.0.1&#039;
Driver info: org.openqa.selenium.chrome.ChromeDriver
Capabilities {acceptInsecureCerts: false, browserName: chrome, browserVersion: 109.0.5414.75, chrome: {chromedriverVersion: 108.0.5359.71 (1e0e3868ee06..., userDataDir: C:\Users\gubh0522\AppData\L...}, goog:chromeOptions: {debuggerAddress: localhost:59055}, javascriptEnabled: true, networkConnectionEnabled: false, pageLoadStrategy: normal, platform: WINDOWS, platformName: WINDOWS, proxy: Proxy(), setWindowRect: true, strictFileInteractability: false, timeouts: {implicit: 0, pageLoad: 300000, script: 30000}, unhandledPromptBehavior: dismiss and notify, webauthn:extension:credBlob: true, webauthn:extension:largeBlob: true, webauthn:virtualAuthenticators: true}
Session ID: 4d686c78d93a03991c977578063f00b4 expected [true] but found [false]" type="java.lang.AssertionError">
      <![CDATA[java.lang.AssertionError: element click intercepted: Element <input c="UITextInput" maxlength="25" tabindex="13" hint="PIN/Passphrase" style="width: 125px; border-color: red;" id="customer-pin_main" type="text" class="UITextInput UIHintTextInput-hinted VALIDATION_FAILED" value="500081"> is not clickable at point (426, 288). Other element would receive the click: <div class="shadowDiv" style="display: block; z-index: 999; width: 1920px; height: 1080px;"></div>
  (Session info: headless chrome=109.0.5414.75)
Build info: version: '3.141.59', revision: 'e82be7d358', time: '2018-11-14T08:25:53'
System info: host: 'WS-20113', ip: '10.236.154.245', os.name: 'Windows 10', os.arch: 'amd64', os.version: '10.0', java.version: '18.0.1'
Driver info: org.openqa.selenium.chrome.ChromeDriver
Capabilities {acceptInsecureCerts: false, browserName: chrome, browserVersion: 109.0.5414.75, chrome: {chromedriverVersion: 108.0.5359.71 (1e0e3868ee06..., userDataDir: C:\Users\gubh0522\AppData\L...}, goog:chromeOptions: {debuggerAddress: localhost:59055}, javascriptEnabled: true, networkConnectionEnabled: false, pageLoadStrategy: normal, platform: WINDOWS, platformName: WINDOWS, proxy: Proxy(), setWindowRect: true, strictFileInteractability: false, timeouts: {implicit: 0, pageLoad: 300000, script: 30000}, unhandledPromptBehavior: dismiss and notify, webauthn:extension:credBlob: true, webauthn:extension:largeBlob: true, webauthn:virtualAuthenticators: true}
Session ID: 4d686c78d93a03991c977578063f00b4 expected [true] but found [false]
at org.testng.Assert.fail(Assert.java:99)
at org.testng.Assert.failNotEquals(Assert.java:1037)
at org.testng.Assert.assertTrue(Assert.java:45)
at com.netcracker.shaw.at_shaw_sd.pageobject.OrderCreationPage.customerInformation(OrderCreationPage.java:163)
at com.netcracker.upgradeCases.BeforeUpgrade.Tripleplay_DPTCisco_legacyTV_Swap_OrderEntry_BeforUG(BeforeUpgrade.java:1022)
at java.base/jdk.internal.reflect.DirectMethodHandleAccessor.invoke(DirectMethodHandleAccessor.java:104)
at java.base/java.lang.reflect.Method.invoke(Method.java:577)
at org.testng.internal.MethodInvocationHelper.invokeMethod(MethodInvocationHelper.java:133)
at org.testng.internal.TestInvoker.invokeMethod(TestInvoker.java:598)
at org.testng.internal.TestInvoker.invokeTestMethod(TestInvoker.java:173)
at org.testng.internal.MethodRunner.runInSequence(MethodRunner.java:46)
at org.testng.internal.TestInvoker$MethodInvocationAgent.invoke(TestInvoker.java:824)
at org.testng.internal.TestInvoker.invokeTestMethods(TestInvoker.java:146)
at org.testng.internal.TestMethodWorker.invokeTestMethods(TestMethodWorker.java:146)
at org.testng.internal.TestMethodWorker.run(TestMethodWorker.java:128)
at java.base/java.util.ArrayList.forEach(ArrayList.java:1511)
at org.testng.TestRunner.privateRun(TestRunner.java:794)
at org.testng.TestRunner.run(TestRunner.java:596)
at org.testng.SuiteRunner.runTest(SuiteRunner.java:377)
at org.testng.SuiteRunner.runSequentially(SuiteRunner.java:371)
at org.testng.SuiteRunner.privateRun(SuiteRunner.java:332)
at org.testng.SuiteRunner.run(SuiteRunner.java:276)
at org.testng.SuiteRunnerWorker.runSuite(SuiteRunnerWorker.java:53)
at org.testng.SuiteRunnerWorker.run(SuiteRunnerWorker.java:96)
at org.testng.TestNG.runSuitesSequentially(TestNG.java:1212)
at org.testng.TestNG.runSuitesLocally(TestNG.java:1134)
at org.testng.TestNG.runSuites(TestNG.java:1063)
at org.testng.TestNG.run(TestNG.java:1031)
at org.testng.remote.AbstractRemoteTestNG.run(AbstractRemoteTestNG.java:115)
at org.testng.remote.RemoteTestNG.initAndRun(RemoteTestNG.java:251)
at org.testng.remote.RemoteTestNG.main(RemoteTestNG.java:77)
]]>
    </failure>
  </testcase> <!-- Tripleplay_DPTCisco_legacyTV_Swap_OrderEntry_BeforUG -->
  <system-out/>
  <testcase classname="com.netcracker.upgradeCases.BeforeUpgrade" name="Inflight_Cancel_Pending_Account_BeforeUG" time="450.757"/>
  <system-out/>
  <testcase classname="com.netcracker.upgradeCases.BeforeUpgrade" name="Residential_To_Staff_XB6_BlueSky_BeforeUG" time="508.801">
    <failure message="null" type="java.lang.AssertionError">
      <![CDATA[java.lang.AssertionError: null
at org.testng.Assert.fail(Assert.java:99)
at org.testng.Assert.fail(Assert.java:106)
at com.netcracker.shaw.at_shaw_sd.pageobject.OrderCreationPage.reviewAndFinishOrder(OrderCreationPage.java:3790)
at com.netcracker.upgradeCases.BeforeUpgrade.Residential_To_Staff_XB6_BlueSky_BeforeUG(BeforeUpgrade.java:452)
at java.base/jdk.internal.reflect.DirectMethodHandleAccessor.invoke(DirectMethodHandleAccessor.java:104)
at java.base/java.lang.reflect.Method.invoke(Method.java:577)
at org.testng.internal.MethodInvocationHelper.invokeMethod(MethodInvocationHelper.java:133)
at org.testng.internal.TestInvoker.invokeMethod(TestInvoker.java:598)
at org.testng.internal.TestInvoker.invokeTestMethod(TestInvoker.java:173)
at org.testng.internal.MethodRunner.runInSequence(MethodRunner.java:46)
at org.testng.internal.TestInvoker$MethodInvocationAgent.invoke(TestInvoker.java:824)
at org.testng.internal.TestInvoker.invokeTestMethods(TestInvoker.java:146)
at org.testng.internal.TestMethodWorker.invokeTestMethods(TestMethodWorker.java:146)
at org.testng.internal.TestMethodWorker.run(TestMethodWorker.java:128)
at java.base/java.util.ArrayList.forEach(ArrayList.java:1511)
at org.testng.TestRunner.privateRun(TestRunner.java:794)
at org.testng.TestRunner.run(TestRunner.java:596)
at org.testng.SuiteRunner.runTest(SuiteRunner.java:377)
at org.testng.SuiteRunner.runSequentially(SuiteRunner.java:371)
at org.testng.SuiteRunner.privateRun(SuiteRunner.java:332)
at org.testng.SuiteRunner.run(SuiteRunner.java:276)
at org.testng.SuiteRunnerWorker.runSuite(SuiteRunnerWorker.java:53)
at org.testng.SuiteRunnerWorker.run(SuiteRunnerWorker.java:96)
at org.testng.TestNG.runSuitesSequentially(TestNG.java:1212)
at org.testng.TestNG.runSuitesLocally(TestNG.java:1134)
at org.testng.TestNG.runSuites(TestNG.java:1063)
at org.testng.TestNG.run(TestNG.java:1031)
at org.testng.remote.AbstractRemoteTestNG.run(AbstractRemoteTestNG.java:115)
at org.testng.remote.RemoteTestNG.initAndRun(RemoteTestNG.java:251)
at org.testng.remote.RemoteTestNG.main(RemoteTestNG.java:77)
]]>
    </failure>
  </testcase> <!-- Residential_To_Staff_XB6_BlueSky_BeforeUG -->
  <system-out/>
  <testcase classname="com.netcracker.upgradeCases.BeforeUpgrade" name="Staff_To_Residential_XB6_BlueSky_BeforeUG" time="443.106">
    <failure message="null" type="java.lang.AssertionError">
      <![CDATA[java.lang.AssertionError: null
at org.testng.Assert.fail(Assert.java:99)
at org.testng.Assert.fail(Assert.java:106)
at com.netcracker.shaw.at_shaw_sd.pageobject.OrderCreationPage.reviewAndFinishOrder(OrderCreationPage.java:3790)
at com.netcracker.upgradeCases.BeforeUpgrade.Staff_To_Residential_XB6_BlueSky_BeforeUG(BeforeUpgrade.java:582)
at java.base/jdk.internal.reflect.DirectMethodHandleAccessor.invoke(DirectMethodHandleAccessor.java:104)
at java.base/java.lang.reflect.Method.invoke(Method.java:577)
at org.testng.internal.MethodInvocationHelper.invokeMethod(MethodInvocationHelper.java:133)
at org.testng.internal.TestInvoker.invokeMethod(TestInvoker.java:598)
at org.testng.internal.TestInvoker.invokeTestMethod(TestInvoker.java:173)
at org.testng.internal.MethodRunner.runInSequence(MethodRunner.java:46)
at org.testng.internal.TestInvoker$MethodInvocationAgent.invoke(TestInvoker.java:824)
at org.testng.internal.TestInvoker.invokeTestMethods(TestInvoker.java:146)
at org.testng.internal.TestMethodWorker.invokeTestMethods(TestMethodWorker.java:146)
at org.testng.internal.TestMethodWorker.run(TestMethodWorker.java:128)
at java.base/java.util.ArrayList.forEach(ArrayList.java:1511)
at org.testng.TestRunner.privateRun(TestRunner.java:794)
at org.testng.TestRunner.run(TestRunner.java:596)
at org.testng.SuiteRunner.runTest(SuiteRunner.java:377)
at org.testng.SuiteRunner.runSequentially(SuiteRunner.java:371)
at org.testng.SuiteRunner.privateRun(SuiteRunner.java:332)
at org.testng.SuiteRunner.run(SuiteRunner.java:276)
at org.testng.SuiteRunnerWorker.runSuite(SuiteRunnerWorker.java:53)
at org.testng.SuiteRunnerWorker.run(SuiteRunnerWorker.java:96)
at org.testng.TestNG.runSuitesSequentially(TestNG.java:1212)
at org.testng.TestNG.runSuitesLocally(TestNG.java:1134)
at org.testng.TestNG.runSuites(TestNG.java:1063)
at org.testng.TestNG.run(TestNG.java:1031)
at org.testng.remote.AbstractRemoteTestNG.run(AbstractRemoteTestNG.java:115)
at org.testng.remote.RemoteTestNG.initAndRun(RemoteTestNG.java:251)
at org.testng.remote.RemoteTestNG.main(RemoteTestNG.java:77)
]]>
    </failure>
  </testcase> <!-- Staff_To_Residential_XB6_BlueSky_BeforeUG -->
  <system-out/>
  <testcase classname="com.netcracker.upgradeCases.BeforeUpgrade" name="Upgrade_Offering_Tripleplay_Account_BeforeUG" time="408.589">
    <failure message="null" type="java.lang.AssertionError">
      <![CDATA[java.lang.AssertionError: null
at org.testng.Assert.fail(Assert.java:99)
at org.testng.Assert.fail(Assert.java:106)
at com.netcracker.shaw.at_shaw_sd.pageobject.BasePage.click(BasePage.java:79)
at com.netcracker.shaw.at_shaw_sd.pageobject.OrderCreationPage.selectInstallationOption(OrderCreationPage.java:3006)
at com.netcracker.upgradeCases.BeforeUpgrade.Upgrade_Offering_Tripleplay_Account_BeforeUG(BeforeUpgrade.java:1837)
at java.base/jdk.internal.reflect.DirectMethodHandleAccessor.invoke(DirectMethodHandleAccessor.java:104)
at java.base/java.lang.reflect.Method.invoke(Method.java:577)
at org.testng.internal.MethodInvocationHelper.invokeMethod(MethodInvocationHelper.java:133)
at org.testng.internal.TestInvoker.invokeMethod(TestInvoker.java:598)
at org.testng.internal.TestInvoker.invokeTestMethod(TestInvoker.java:173)
at org.testng.internal.MethodRunner.runInSequence(MethodRunner.java:46)
at org.testng.internal.TestInvoker$MethodInvocationAgent.invoke(TestInvoker.java:824)
at org.testng.internal.TestInvoker.invokeTestMethods(TestInvoker.java:146)
at org.testng.internal.TestMethodWorker.invokeTestMethods(TestMethodWorker.java:146)
at org.testng.internal.TestMethodWorker.run(TestMethodWorker.java:128)
at java.base/java.util.ArrayList.forEach(ArrayList.java:1511)
at org.testng.TestRunner.privateRun(TestRunner.java:794)
at org.testng.TestRunner.run(TestRunner.java:596)
at org.testng.SuiteRunner.runTest(SuiteRunner.java:377)
at org.testng.SuiteRunner.runSequentially(SuiteRunner.java:371)
at org.testng.SuiteRunner.privateRun(SuiteRunner.java:332)
at org.testng.SuiteRunner.run(SuiteRunner.java:276)
at org.testng.SuiteRunnerWorker.runSuite(SuiteRunnerWorker.java:53)
at org.testng.SuiteRunnerWorker.run(SuiteRunnerWorker.java:96)
at org.testng.TestNG.runSuitesSequentially(TestNG.java:1212)
at org.testng.TestNG.runSuitesLocally(TestNG.java:1134)
at org.testng.TestNG.runSuites(TestNG.java:1063)
at org.testng.TestNG.run(TestNG.java:1031)
at org.testng.remote.AbstractRemoteTestNG.run(AbstractRemoteTestNG.java:115)
at org.testng.remote.RemoteTestNG.initAndRun(RemoteTestNG.java:251)
at org.testng.remote.RemoteTestNG.main(RemoteTestNG.java:77)
]]>
    </failure>
  </testcase> <!-- Upgrade_Offering_Tripleplay_Account_BeforeUG -->
  <system-out/>
  <testcase classname="com.netcracker.upgradeCases.BeforeUpgrade" name="Adding_VoiceMail_Secondaryline_Existing_Account_BeforeUG" time="507.110"/>
  <system-out/>
  <testcase classname="com.netcracker.upgradeCases.BeforeUpgrade" name="Adding_Channels_Promos_Pending_Order_BeforeUG" time="715.959">
    <failure message="null" type="java.lang.AssertionError">
      <![CDATA[java.lang.AssertionError: null
at org.testng.Assert.fail(Assert.java:99)
at org.testng.Assert.fail(Assert.java:106)
at com.netcracker.shaw.at_shaw_sd.pageobject.BasePage.click(BasePage.java:79)
at com.netcracker.shaw.at_shaw_sd.pageobject.OrderCreationPage.forceAppointmentWithFutureDate(OrderCreationPage.java:3558)
at com.netcracker.upgradeCases.BeforeUpgrade.Adding_Channels_Promos_Pending_Order_BeforeUG(BeforeUpgrade.java:1566)
at java.base/jdk.internal.reflect.DirectMethodHandleAccessor.invoke(DirectMethodHandleAccessor.java:104)
at java.base/java.lang.reflect.Method.invoke(Method.java:577)
at org.testng.internal.MethodInvocationHelper.invokeMethod(MethodInvocationHelper.java:133)
at org.testng.internal.TestInvoker.invokeMethod(TestInvoker.java:598)
at org.testng.internal.TestInvoker.invokeTestMethod(TestInvoker.java:173)
at org.testng.internal.MethodRunner.runInSequence(MethodRunner.java:46)
at org.testng.internal.TestInvoker$MethodInvocationAgent.invoke(TestInvoker.java:824)
at org.testng.internal.TestInvoker.invokeTestMethods(TestInvoker.java:146)
at org.testng.internal.TestMethodWorker.invokeTestMethods(TestMethodWorker.java:146)
at org.testng.internal.TestMethodWorker.run(TestMethodWorker.java:128)
at java.base/java.util.ArrayList.forEach(ArrayList.java:1511)
at org.testng.TestRunner.privateRun(TestRunner.java:794)
at org.testng.TestRunner.run(TestRunner.java:596)
at org.testng.SuiteRunner.runTest(SuiteRunner.java:377)
at org.testng.SuiteRunner.runSequentially(SuiteRunner.java:371)
at org.testng.SuiteRunner.privateRun(SuiteRunner.java:332)
at org.testng.SuiteRunner.run(SuiteRunner.java:276)
at org.testng.SuiteRunnerWorker.runSuite(SuiteRunnerWorker.java:53)
at org.testng.SuiteRunnerWorker.run(SuiteRunnerWorker.java:96)
at org.testng.TestNG.runSuitesSequentially(TestNG.java:1212)
at org.testng.TestNG.runSuitesLocally(TestNG.java:1134)
at org.testng.TestNG.runSuites(TestNG.java:1063)
at org.testng.TestNG.run(TestNG.java:1031)
at org.testng.remote.AbstractRemoteTestNG.run(AbstractRemoteTestNG.java:115)
at org.testng.remote.RemoteTestNG.initAndRun(RemoteTestNG.java:251)
at org.testng.remote.RemoteTestNG.main(RemoteTestNG.java:77)
]]>
    </failure>
  </testcase> <!-- Adding_Channels_Promos_Pending_Order_BeforeUG -->
  <system-out/>
  <testcase classname="com.netcracker.upgradeCases.BeforeUpgrade" name="Inflight_Modify_Existing_Pending_Order_BeforeUG" time="489.817"/>
  <system-out/>
  <testcase classname="com.netcracker.upgradeCases.BeforeUpgrade" name="Activate_2YVPInt_TvAgreement_BeforeUG" time="400.164">
    <failure message="null" type="java.lang.AssertionError">
      <![CDATA[java.lang.AssertionError: null
at org.testng.Assert.fail(Assert.java:99)
at org.testng.Assert.fail(Assert.java:106)
at com.netcracker.shaw.at_shaw_sd.pageobject.BasePage.click(BasePage.java:79)
at com.netcracker.shaw.at_shaw_sd.pageobject.OrderCreationPage.selectInstallationOption(OrderCreationPage.java:3006)
at com.netcracker.upgradeCases.BeforeUpgrade.Activate_2YVPInt_TvAgreement_BeforeUG(BeforeUpgrade.java:241)
at java.base/jdk.internal.reflect.DirectMethodHandleAccessor.invoke(DirectMethodHandleAccessor.java:104)
at java.base/java.lang.reflect.Method.invoke(Method.java:577)
at org.testng.internal.MethodInvocationHelper.invokeMethod(MethodInvocationHelper.java:133)
at org.testng.internal.TestInvoker.invokeMethod(TestInvoker.java:598)
at org.testng.internal.TestInvoker.invokeTestMethod(TestInvoker.java:173)
at org.testng.internal.MethodRunner.runInSequence(MethodRunner.java:46)
at org.testng.internal.TestInvoker$MethodInvocationAgent.invoke(TestInvoker.java:824)
at org.testng.internal.TestInvoker.invokeTestMethods(TestInvoker.java:146)
at org.testng.internal.TestMethodWorker.invokeTestMethods(TestMethodWorker.java:146)
at org.testng.internal.TestMethodWorker.run(TestMethodWorker.java:128)
at java.base/java.util.ArrayList.forEach(ArrayList.java:1511)
at org.testng.TestRunner.privateRun(TestRunner.java:794)
at org.testng.TestRunner.run(TestRunner.java:596)
at org.testng.SuiteRunner.runTest(SuiteRunner.java:377)
at org.testng.SuiteRunner.runSequentially(SuiteRunner.java:371)
at org.testng.SuiteRunner.privateRun(SuiteRunner.java:332)
at org.testng.SuiteRunner.run(SuiteRunner.java:276)
at org.testng.SuiteRunnerWorker.runSuite(SuiteRunnerWorker.java:53)
at org.testng.SuiteRunnerWorker.run(SuiteRunnerWorker.java:96)
at org.testng.TestNG.runSuitesSequentially(TestNG.java:1212)
at org.testng.TestNG.runSuitesLocally(TestNG.java:1134)
at org.testng.TestNG.runSuites(TestNG.java:1063)
at org.testng.TestNG.run(TestNG.java:1031)
at org.testng.remote.AbstractRemoteTestNG.run(AbstractRemoteTestNG.java:115)
at org.testng.remote.RemoteTestNG.initAndRun(RemoteTestNG.java:251)
at org.testng.remote.RemoteTestNG.main(RemoteTestNG.java:77)
]]>
    </failure>
  </testcase> <!-- Activate_2YVPInt_TvAgreement_BeforeUG -->
  <system-out/>
  <testcase classname="com.netcracker.upgradeCases.BeforeUpgrade" name="Inflight_Modify_New_Pending_Install_Account_BeforeUG" time="414.650">
    <failure message="null" type="java.lang.AssertionError">
      <![CDATA[java.lang.AssertionError: null
at org.testng.Assert.fail(Assert.java:99)
at org.testng.Assert.fail(Assert.java:106)
at com.netcracker.shaw.at_shaw_sd.pageobject.OrderCreationPage.reviewAndFinishOrder(OrderCreationPage.java:3790)
at com.netcracker.upgradeCases.BeforeUpgrade.Inflight_Modify_New_Pending_Install_Account_BeforeUG(BeforeUpgrade.java:2069)
at java.base/jdk.internal.reflect.DirectMethodHandleAccessor.invoke(DirectMethodHandleAccessor.java:104)
at java.base/java.lang.reflect.Method.invoke(Method.java:577)
at org.testng.internal.MethodInvocationHelper.invokeMethod(MethodInvocationHelper.java:133)
at org.testng.internal.TestInvoker.invokeMethod(TestInvoker.java:598)
at org.testng.internal.TestInvoker.invokeTestMethod(TestInvoker.java:173)
at org.testng.internal.MethodRunner.runInSequence(MethodRunner.java:46)
at org.testng.internal.TestInvoker$MethodInvocationAgent.invoke(TestInvoker.java:824)
at org.testng.internal.TestInvoker.invokeTestMethods(TestInvoker.java:146)
at org.testng.internal.TestMethodWorker.invokeTestMethods(TestMethodWorker.java:146)
at org.testng.internal.TestMethodWorker.run(TestMethodWorker.java:128)
at java.base/java.util.ArrayList.forEach(ArrayList.java:1511)
at org.testng.TestRunner.privateRun(TestRunner.java:794)
at org.testng.TestRunner.run(TestRunner.java:596)
at org.testng.SuiteRunner.runTest(SuiteRunner.java:377)
at org.testng.SuiteRunner.runSequentially(SuiteRunner.java:371)
at org.testng.SuiteRunner.privateRun(SuiteRunner.java:332)
at org.testng.SuiteRunner.run(SuiteRunner.java:276)
at org.testng.SuiteRunnerWorker.runSuite(SuiteRunnerWorker.java:53)
at org.testng.SuiteRunnerWorker.run(SuiteRunnerWorker.java:96)
at org.testng.TestNG.runSuitesSequentially(TestNG.java:1212)
at org.testng.TestNG.runSuitesLocally(TestNG.java:1134)
at org.testng.TestNG.runSuites(TestNG.java:1063)
at org.testng.TestNG.run(TestNG.java:1031)
at org.testng.remote.AbstractRemoteTestNG.run(AbstractRemoteTestNG.java:115)
at org.testng.remote.RemoteTestNG.initAndRun(RemoteTestNG.java:251)
at org.testng.remote.RemoteTestNG.main(RemoteTestNG.java:77)
]]>
    </failure>
  </testcase> <!-- Inflight_Modify_New_Pending_Install_Account_BeforeUG -->
  <system-out/>
  <testcase classname="com.netcracker.upgradeCases.BeforeUpgrade" name="Cancel_Resbmit_order_XB6Conv_BeforeUG">
    <skipped/>
  </testcase> <!-- Cancel_Resbmit_order_XB6Conv_BeforeUG -->
  <system-out/>
  <testcase classname="com.netcracker.upgradeCases.BeforeUpgrade" name="Disconnect_Premisemove_TriplePlay_ServicesNotAvailable_targetLoc_BeforeUG">
    <skipped/>
  </testcase> <!-- Disconnect_Premisemove_TriplePlay_ServicesNotAvailable_targetLoc_BeforeUG -->
  <system-out/>
  <testcase classname="com.netcracker.upgradeCases.BeforeUpgrade" name="Modification_TCIS_Suspend_TriplePlay_Cancel_Order_BeforeUG">
    <skipped/>
  </testcase> <!-- Modification_TCIS_Suspend_TriplePlay_Cancel_Order_BeforeUG -->
  <system-out/>
  <testcase classname="com.netcracker.upgradeCases.BeforeUpgrade" name="Inflight_Removing_BlueSkyTV_XB6_Future_Dated_InterProvince_BeforeUG">
    <skipped/>
  </testcase> <!-- Inflight_Removing_BlueSkyTV_XB6_Future_Dated_InterProvince_BeforeUG -->
  <system-out/>
  <testcase classname="com.netcracker.upgradeCases.BeforeUpgrade" name="Disconnect_Staff_Internet_BeforeUG">
    <skipped/>
  </testcase> <!-- Disconnect_Staff_Internet_BeforeUG -->
  <system-out/>
  <testcase classname="com.netcracker.upgradeCases.BeforeUpgrade" name="Inflight_Cancel_BeforeUG">
    <skipped/>
  </testcase> <!-- Inflight_Cancel_BeforeUG -->
  <system-out/>
  <testcase classname="com.netcracker.upgradeCases.BeforeUpgrade" name="TCIS_Resume_TriplePlay_Account_BeforeUG">
    <skipped/>
  </testcase> <!-- TCIS_Resume_TriplePlay_Account_BeforeUG -->
  <system-out/>
  <testcase classname="com.netcracker.upgradeCases.BeforeUpgrade" name="TN_change_Ported_To_Native_DPT_BeforUG">
    <skipped/>
  </testcase> <!-- TN_change_Ported_To_Native_DPT_BeforUG -->
  <system-out/>
  <testcase classname="com.netcracker.upgradeCases.BeforeUpgrade" name="Removing_Eexisting_Email_Add_NewEmail_TriplePlay_BeforeUG">
    <skipped/>
  </testcase> <!-- Removing_Eexisting_Email_Add_NewEmail_TriplePlay_BeforeUG -->
  <system-out/>
  <testcase classname="com.netcracker.upgradeCases.BeforeUpgrade" name="Techretry_Different_SlNbr_TV_Phone_Internet_BeforeUG">
    <skipped/>
  </testcase> <!-- Techretry_Different_SlNbr_TV_Phone_Internet_BeforeUG -->
  <system-out/>
  <testcase classname="com.netcracker.upgradeCases.BeforeUpgrade" name="Immediate_Tab_Change_BillDay_Existing_Customer_BeforeUG">
    <skipped/>
  </testcase> <!-- Immediate_Tab_Change_BillDay_Existing_Customer_BeforeUG -->
  <system-out/>
  <testcase classname="com.netcracker.upgradeCases.BeforeUpgrade" name="Immediate_Scenarios_Hardware_Swap_PendingCust_BeforeUG">
    <skipped/>
  </testcase> <!-- Immediate_Scenarios_Hardware_Swap_PendingCust_BeforeUG -->
  <system-out/>
  <testcase classname="com.netcracker.upgradeCases.BeforeUpgrade" name="Hitron_XB6_PLfrom_Native_Native_BeforeUG">
    <skipped/>
  </testcase> <!-- Hitron_XB6_PLfrom_Native_Native_BeforeUG -->
  <system-out/>
  <testcase classname="com.netcracker.upgradeCases.BeforeUpgrade" name="Collection_Resume_VOD_PPV_BeforeUG">
    <skipped/>
  </testcase> <!-- Collection_Resume_VOD_PPV_BeforeUG -->
  <system-out/>
  <testcase classname="com.netcracker.upgradeCases.BeforeUpgrade" name="Activation_Pending_Tripleplay_BeforeUG">
    <skipped/>
  </testcase> <!-- Activation_Pending_Tripleplay_BeforeUG -->
  <system-out/>
  <testcase classname="com.netcracker.upgradeCases.BeforeUpgrade" name="AUP_Suspend_existing_customer_BeforeUG">
    <skipped/>
  </testcase> <!-- AUP_Suspend_existing_customer_BeforeUG -->
  <system-out/>
  <testcase classname="com.netcracker.upgradeCases.BeforeUpgrade" name="Inflight_Modify_Change_OfferingTo_RetailPickUp_BeforeUG">
    <skipped/>
  </testcase> <!-- Inflight_Modify_Change_OfferingTo_RetailPickUp_BeforeUG -->
  <system-out/>
  <testcase classname="com.netcracker.upgradeCases.BeforeUpgrade" name="Activate_PhDPT_PortedTN_LifelineAlarm_No_BeforeUG">
    <skipped/>
  </testcase> <!-- Activate_PhDPT_PortedTN_LifelineAlarm_No_BeforeUG -->
  <system-out/>
  <testcase classname="com.netcracker.upgradeCases.BeforeUpgrade" name="Reinstate_with_Past_Resources_BeforeUG">
    <skipped/>
  </testcase> <!-- Reinstate_with_Past_Resources_BeforeUG -->
  <system-out/>
  <testcase classname="com.netcracker.upgradeCases.BeforeUpgrade" name="Retail_Self_Install_Order_BeforeUG">
    <skipped/>
  </testcase> <!-- Retail_Self_Install_Order_BeforeUG -->
  <system-out/>
  <testcase classname="com.netcracker.upgradeCases.BeforeUpgrade" name="TechRetry_InternetFail_Phone_Success_SameSlNo_BeforUG">
    <skipped/>
  </testcase> <!-- TechRetry_InternetFail_Phone_Success_SameSlNo_BeforUG -->
  <system-out/>
  <testcase classname="com.netcracker.upgradeCases.BeforeUpgrade" name="AUP_Resume_TriplePlay_BeforeUG">
    <skipped/>
  </testcase> <!-- AUP_Resume_TriplePlay_BeforeUG -->
  <system-out/>
  <testcase classname="com.netcracker.upgradeCases.BeforeUpgrade" name="Reset_Email_PWD_Customer_Modify_Order_BeforeUG">
    <skipped/>
  </testcase> <!-- Reset_Email_PWD_Customer_Modify_Order_BeforeUG -->
  <system-out/>
  <testcase classname="com.netcracker.upgradeCases.BeforeUpgrade" name="TechRetry_Same_SN_PremiseMove_Gap_BlueSKY_XB6_BeforeUG">
    <skipped/>
  </testcase> <!-- TechRetry_Same_SN_PremiseMove_Gap_BlueSKY_XB6_BeforeUG -->
  <system-out/>
  <testcase classname="com.netcracker.upgradeCases.BeforeUpgrade" name="Immediate_Tab_Modify_PhFeacture_ConvHw_BeforeUG">
    <skipped/>
  </testcase> <!-- Immediate_Tab_Modify_PhFeacture_ConvHw_BeforeUG -->
  <system-out/>
  <testcase classname="com.netcracker.upgradeCases.BeforeUpgrade" name="Intra_Province_Gap_Change_LOB_During_Transfer_BeforeUG">
    <skipped/>
  </testcase> <!-- Intra_Province_Gap_Change_LOB_During_Transfer_BeforeUG -->
  <system-out/>
  <testcase classname="com.netcracker.upgradeCases.BeforeUpgrade" name="Collection_Suspend_Existing_Customer_BeforeUG">
    <skipped/>
  </testcase> <!-- Collection_Suspend_Existing_Customer_BeforeUG -->
  <system-out/>
  <testcase classname="com.netcracker.upgradeCases.BeforeUpgrade" name="Inflight_Removing_PhoneDevice_DPT_Hitron_TV_PremiseMove_CGY_CGY_BeforeUG">
    <skipped/>
  </testcase> <!-- Inflight_Removing_PhoneDevice_DPT_Hitron_TV_PremiseMove_CGY_CGY_BeforeUG -->
  <system-out/>
  <testcase classname="com.netcracker.upgradeCases.BeforeUpgrade" name="Immediate_Scenarios_Add_Email_ExistingCust_BeforeUG">
    <skipped/>
  </testcase> <!-- Immediate_Scenarios_Add_Email_ExistingCust_BeforeUG -->
  <system-out/>
  <testcase classname="com.netcracker.upgradeCases.BeforeUpgrade" name="IFC_Full_Disconnect_BeforeUG">
    <skipped/>
  </testcase> <!-- IFC_Full_Disconnect_BeforeUG -->
  <system-out/>
  <testcase classname="com.netcracker.upgradeCases.BeforeUpgrade" name="Reinstate_with_New_Resources_BeforeUG">
    <skipped/>
  </testcase> <!-- Reinstate_with_New_Resources_BeforeUG -->
  <system-out/>
</testsuite> <!-- com.netcracker.upgradeCases.BeforeUpgrade -->
