<?xml version="1.0" encoding="UTF-8"?>
<!-- Generated by org.testng.reporters.JUnitReportReporter -->
<testsuite hostname="ws-16393" failures="1" tests="10" name="com.netcracker.shaw.OtherCases" time="176.986" errors="0" timestamp="2023-03-03T13:33:25 IST" skipped="9">
  <testcase classname="com.netcracker.shaw.OtherCases" name="Create_Segments_OE_Display_Promo_Hybrid_Segments_And_Validate" time="176.986">
    <failure message="null" type="java.lang.AssertionError">
      <![CDATA[java.lang.AssertionError: null
at org.testng.Assert.fail(Assert.java:99)
at org.testng.Assert.fail(Assert.java:106)
at com.netcracker.shaw.at_shaw_sd.pageobject.BasePage.click(BasePage.java:79)
at com.netcracker.shaw.at_shaw_sd.pageobject.OrderCreationPage.SwitchToAccountView(OrderCreationPage.java:8168)
at com.netcracker.shaw.OtherCases.Create_Segments_OE_Display_Promo_Hybrid_Segments_And_Validate(OtherCases.java:1342)
at java.base/jdk.internal.reflect.NativeMethodAccessorImpl.invoke0(Native Method)
at java.base/jdk.internal.reflect.NativeMethodAccessorImpl.invoke(NativeMethodAccessorImpl.java:78)
at java.base/jdk.internal.reflect.DelegatingMethodAccessorImpl.invoke(DelegatingMethodAccessorImpl.java:43)
at java.base/java.lang.reflect.Method.invoke(Method.java:567)
at org.testng.internal.MethodInvocationHelper.invokeMethod(MethodInvocationHelper.java:133)
at org.testng.internal.TestInvoker.invokeMethod(TestInvoker.java:598)
at org.testng.internal.TestInvoker.invokeTestMethod(TestInvoker.java:173)
at org.testng.internal.MethodRunner.runInSequence(MethodRunner.java:46)
at org.testng.internal.TestInvoker$MethodInvocationAgent.invoke(TestInvoker.java:824)
at org.testng.internal.TestInvoker.invokeTestMethods(TestInvoker.java:146)
at org.testng.internal.TestMethodWorker.invokeTestMethods(TestMethodWorker.java:146)
at org.testng.internal.TestMethodWorker.run(TestMethodWorker.java:128)
at java.base/java.util.ArrayList.forEach(ArrayList.java:1511)
at org.testng.TestRunner.privateRun(TestRunner.java:794)
at org.testng.TestRunner.run(TestRunner.java:596)
at org.testng.SuiteRunner.runTest(SuiteRunner.java:377)
at org.testng.SuiteRunner.runSequentially(SuiteRunner.java:371)
at org.testng.SuiteRunner.privateRun(SuiteRunner.java:332)
at org.testng.SuiteRunner.run(SuiteRunner.java:276)
at org.testng.SuiteRunnerWorker.runSuite(SuiteRunnerWorker.java:53)
at org.testng.SuiteRunnerWorker.run(SuiteRunnerWorker.java:96)
at org.testng.TestNG.runSuitesSequentially(TestNG.java:1212)
at org.testng.TestNG.runSuitesLocally(TestNG.java:1134)
at org.testng.TestNG.runSuites(TestNG.java:1063)
at org.testng.TestNG.run(TestNG.java:1031)
at org.testng.remote.AbstractRemoteTestNG.run(AbstractRemoteTestNG.java:115)
at org.testng.remote.RemoteTestNG.initAndRun(RemoteTestNG.java:251)
at org.testng.remote.RemoteTestNG.main(RemoteTestNG.java:77)
]]>
    </failure>
  </testcase> <!-- Create_Segments_OE_Display_Promo_Hybrid_Segments_And_Validate -->
  <system-out/>
  <testcase classname="com.netcracker.shaw.OtherCases" name="Validate_New_MC_When_MUT_Orders_Are_Processed">
    <skipped/>
  </testcase> <!-- Validate_New_MC_When_MUT_Orders_Are_Processed -->
  <system-out/>
  <testcase classname="com.netcracker.shaw.OtherCases" name="City_Search_Contains_Condiction_Value">
    <skipped/>
  </testcase> <!-- City_Search_Contains_Condiction_Value -->
  <system-out/>
  <testcase classname="com.netcracker.shaw.OtherCases" name="Automatic_Retry_Failed_Phone_HPSA_7004">
    <skipped/>
  </testcase> <!-- Automatic_Retry_Failed_Phone_HPSA_7004 -->
  <system-out/>
  <testcase classname="com.netcracker.shaw.OtherCases" name="New_TV_with_MOCA_Enabled_Hw_Future_Date">
    <skipped/>
  </testcase> <!-- New_TV_with_MOCA_Enabled_Hw_Future_Date -->
  <system-out/>
  <testcase classname="com.netcracker.shaw.OtherCases" name="NewTV_MOCA_enabled_HW_New_Customer_IFM">
    <skipped/>
  </testcase> <!-- NewTV_MOCA_enabled_HW_New_Customer_IFM -->
  <system-out/>
  <testcase classname="com.netcracker.shaw.OtherCases" name="Create_Segments_OE_Display_Promo_Segments_Contain_Reg_And_Customer_And_Validate">
    <skipped/>
  </testcase> <!-- Create_Segments_OE_Display_Promo_Segments_Contain_Reg_And_Customer_And_Validate -->
  <system-out/>
  <testcase classname="com.netcracker.shaw.OtherCases" name="Create_And_Validate_Regional_Segments">
    <skipped/>
  </testcase> <!-- Create_And_Validate_Regional_Segments -->
  <system-out/>
  <testcase classname="com.netcracker.shaw.OtherCases" name="TriplePlay_OM_Sends_HPESA">
    <skipped/>
  </testcase> <!-- TriplePlay_OM_Sends_HPESA -->
  <system-out/>
  <testcase classname="com.netcracker.shaw.OtherCases" name="Add_Rental_XPOD_To_XB6_Device">
    <skipped/>
  </testcase> <!-- Add_Rental_XPOD_To_XB6_Device -->
  <system-out/>
</testsuite> <!-- com.netcracker.shaw.OtherCases -->
