<?xml version="1.0" encoding="UTF-8"?>
<!-- Generated by org.testng.reporters.JUnitReportReporter -->
<testsuite hostname="WS-14652" failures="0" tests="24" name="com.netcracker.shaw.SoupUIRestAPICases" time="668.712" errors="2" timestamp="2022-06-15T11:05:41 IST" skipped="22">
  <testcase classname="com.netcracker.shaw.SoupUIRestAPICases" name="Execute_QuoteValidation_EndPoint_SSLServices_TriplePlay_FiberModem" time="390.024">
    <error message="expected:&lt;500&gt; but was:&lt;200&gt;" type="junit.framework.AssertionFailedError">
      <![CDATA[junit.framework.AssertionFailedError: expected:<500> but was:<200>
at junit.framework.Assert.fail(Assert.java:47)
at junit.framework.Assert.failNotEquals(Assert.java:280)
at junit.framework.Assert.assertEquals(Assert.java:64)
at junit.framework.Assert.assertEquals(Assert.java:198)
at junit.framework.Assert.assertEquals(Assert.java:204)
at com.netcracker.shaw.at_shaw_sd.soap.SoapUIRestAPIpage.navigateToMyAcQuoteValidateFibre(SoapUIRestAPIpage.java:932)
at com.netcracker.shaw.SoupUIRestAPICases.Execute_QuoteValidation_EndPoint_SSLServices_TriplePlay_FiberModem(SoupUIRestAPICases.java:847)
at java.base/jdk.internal.reflect.NativeMethodAccessorImpl.invoke0(Native Method)
at java.base/jdk.internal.reflect.NativeMethodAccessorImpl.invoke(NativeMethodAccessorImpl.java:64)
at java.base/jdk.internal.reflect.DelegatingMethodAccessorImpl.invoke(DelegatingMethodAccessorImpl.java:43)
at java.base/java.lang.reflect.Method.invoke(Method.java:564)
at org.testng.internal.MethodInvocationHelper.invokeMethod(MethodInvocationHelper.java:132)
at org.testng.internal.TestInvoker.invokeMethod(TestInvoker.java:599)
at org.testng.internal.TestInvoker.invokeTestMethod(TestInvoker.java:174)
at org.testng.internal.MethodRunner.runInSequence(MethodRunner.java:46)
at org.testng.internal.TestInvoker$MethodInvocationAgent.invoke(TestInvoker.java:822)
at org.testng.internal.TestInvoker.invokeTestMethods(TestInvoker.java:147)
at org.testng.internal.TestMethodWorker.invokeTestMethods(TestMethodWorker.java:146)
at org.testng.internal.TestMethodWorker.run(TestMethodWorker.java:128)
at java.base/java.util.ArrayList.forEach(ArrayList.java:1511)
at org.testng.TestRunner.privateRun(TestRunner.java:764)
at org.testng.TestRunner.run(TestRunner.java:585)
at org.testng.SuiteRunner.runTest(SuiteRunner.java:384)
at org.testng.SuiteRunner.runSequentially(SuiteRunner.java:378)
at org.testng.SuiteRunner.privateRun(SuiteRunner.java:337)
at org.testng.SuiteRunner.run(SuiteRunner.java:286)
at org.testng.SuiteRunnerWorker.runSuite(SuiteRunnerWorker.java:53)
at org.testng.SuiteRunnerWorker.run(SuiteRunnerWorker.java:96)
at org.testng.TestNG.runSuitesSequentially(TestNG.java:1218)
at org.testng.TestNG.runSuitesLocally(TestNG.java:1140)
at org.testng.TestNG.runSuites(TestNG.java:1069)
at org.testng.TestNG.run(TestNG.java:1037)
at org.testng.remote.AbstractRemoteTestNG.run(AbstractRemoteTestNG.java:115)
at org.testng.remote.RemoteTestNG.initAndRun(RemoteTestNG.java:251)
at org.testng.remote.RemoteTestNG.main(RemoteTestNG.java:77)
]]>
    </error>
  </testcase> <!-- Execute_QuoteValidation_EndPoint_SSLServices_TriplePlay_FiberModem -->
  <system-out/>
  <testcase classname="com.netcracker.shaw.SoupUIRestAPICases" name="Add_Single_ActiveTVCustomer_Quote_Submission_DeltaAPI" time="278.688">
    <error message="expected:&lt;500&gt; but was:&lt;200&gt;" type="junit.framework.AssertionFailedError">
      <![CDATA[junit.framework.AssertionFailedError: expected:<500> but was:<200>
at junit.framework.Assert.fail(Assert.java:47)
at junit.framework.Assert.failNotEquals(Assert.java:280)
at junit.framework.Assert.assertEquals(Assert.java:64)
at junit.framework.Assert.assertEquals(Assert.java:198)
at junit.framework.Assert.assertEquals(Assert.java:204)
at com.netcracker.shaw.at_shaw_sd.soap.SoapUIRestAPIpage.navigateToHitQuoteSubmissionDeltaAPI(SoapUIRestAPIpage.java:838)
at com.netcracker.shaw.SoupUIRestAPICases.Add_Single_ActiveTVCustomer_Quote_Submission_DeltaAPI(SoupUIRestAPICases.java:693)
at java.base/jdk.internal.reflect.NativeMethodAccessorImpl.invoke0(Native Method)
at java.base/jdk.internal.reflect.NativeMethodAccessorImpl.invoke(NativeMethodAccessorImpl.java:64)
at java.base/jdk.internal.reflect.DelegatingMethodAccessorImpl.invoke(DelegatingMethodAccessorImpl.java:43)
at java.base/java.lang.reflect.Method.invoke(Method.java:564)
at org.testng.internal.MethodInvocationHelper.invokeMethod(MethodInvocationHelper.java:132)
at org.testng.internal.TestInvoker.invokeMethod(TestInvoker.java:599)
at org.testng.internal.TestInvoker.invokeTestMethod(TestInvoker.java:174)
at org.testng.internal.MethodRunner.runInSequence(MethodRunner.java:46)
at org.testng.internal.TestInvoker$MethodInvocationAgent.invoke(TestInvoker.java:822)
at org.testng.internal.TestInvoker.invokeTestMethods(TestInvoker.java:147)
at org.testng.internal.TestMethodWorker.invokeTestMethods(TestMethodWorker.java:146)
at org.testng.internal.TestMethodWorker.run(TestMethodWorker.java:128)
at java.base/java.util.ArrayList.forEach(ArrayList.java:1511)
at org.testng.TestRunner.privateRun(TestRunner.java:764)
at org.testng.TestRunner.run(TestRunner.java:585)
at org.testng.SuiteRunner.runTest(SuiteRunner.java:384)
at org.testng.SuiteRunner.runSequentially(SuiteRunner.java:378)
at org.testng.SuiteRunner.privateRun(SuiteRunner.java:337)
at org.testng.SuiteRunner.run(SuiteRunner.java:286)
at org.testng.SuiteRunnerWorker.runSuite(SuiteRunnerWorker.java:53)
at org.testng.SuiteRunnerWorker.run(SuiteRunnerWorker.java:96)
at org.testng.TestNG.runSuitesSequentially(TestNG.java:1218)
at org.testng.TestNG.runSuitesLocally(TestNG.java:1140)
at org.testng.TestNG.runSuites(TestNG.java:1069)
at org.testng.TestNG.run(TestNG.java:1037)
at org.testng.remote.AbstractRemoteTestNG.run(AbstractRemoteTestNG.java:115)
at org.testng.remote.RemoteTestNG.initAndRun(RemoteTestNG.java:251)
at org.testng.remote.RemoteTestNG.main(RemoteTestNG.java:77)
]]>
    </error>
  </testcase> <!-- Add_Single_ActiveTVCustomer_Quote_Submission_DeltaAPI -->
  <system-out/>
  <testcase classname="com.netcracker.shaw.SoupUIRestAPICases" name="CLECOPS_Skipped_ForPortedNbr_SwitchedWiring_Status_NewOrder">
    <skipped/>
  </testcase> <!-- CLECOPS_Skipped_ForPortedNbr_SwitchedWiring_Status_NewOrder -->
  <system-out/>
  <testcase classname="com.netcracker.shaw.SoupUIRestAPICases" name="Execute_CPE_EndPoint_GetEquipment_BySerialNbr">
    <skipped/>
  </testcase> <!-- Execute_CPE_EndPoint_GetEquipment_BySerialNbr -->
  <system-out/>
  <testcase classname="com.netcracker.shaw.SoupUIRestAPICases" name="DualJack_WiredToPreviousProvider_ReportGen_ActivePhoneLine">
    <skipped/>
  </testcase> <!-- DualJack_WiredToPreviousProvider_ReportGen_ActivePhoneLine -->
  <system-out/>
  <testcase classname="com.netcracker.shaw.SoupUIRestAPICases" name="GetQuote_Details_EndPoint_TriplePlay_XB6_X1Gateway">
    <skipped/>
  </testcase> <!-- GetQuote_Details_EndPoint_TriplePlay_XB6_X1Gateway -->
  <system-out/>
  <testcase classname="com.netcracker.shaw.SoupUIRestAPICases" name="Collection_Suspension_TriplePlay_XB6Converged_BlueSky">
    <skipped/>
  </testcase> <!-- Collection_Suspension_TriplePlay_XB6Converged_BlueSky -->
  <system-out/>
  <testcase classname="com.netcracker.shaw.SoupUIRestAPICases" name="Immediate_Suspend_EndPoint_TriplePlay_XB6_X1Gateway">
    <skipped/>
  </testcase> <!-- Immediate_Suspend_EndPoint_TriplePlay_XB6_X1Gateway -->
  <system-out/>
  <testcase classname="com.netcracker.shaw.SoupUIRestAPICases" name="Resumption_Collection_Suspended_TriplePlay_XB6_Bluesky">
    <skipped/>
  </testcase> <!-- Resumption_Collection_Suspended_TriplePlay_XB6_Bluesky -->
  <system-out/>
  <testcase classname="com.netcracker.shaw.SoupUIRestAPICases" name="Immediate_Resume_EndPoint_Tripleplay_XB6_X1Gateway">
    <skipped/>
  </testcase> <!-- Immediate_Resume_EndPoint_Tripleplay_XB6_X1Gateway -->
  <system-out/>
  <testcase classname="com.netcracker.shaw.SoupUIRestAPICases" name="OMSends_PriorityHPSA_ServicesDisconnect_Contracted_DueTo_NonPay">
    <skipped/>
  </testcase> <!-- OMSends_PriorityHPSA_ServicesDisconnect_Contracted_DueTo_NonPay -->
  <system-out/>
  <testcase classname="com.netcracker.shaw.SoupUIRestAPICases" name="Execute_GetProduct_ByID_TriplePlay_XB6Converged_X1Gateway">
    <skipped/>
  </testcase> <!-- Execute_GetProduct_ByID_TriplePlay_XB6Converged_X1Gateway -->
  <system-out/>
  <testcase classname="com.netcracker.shaw.SoupUIRestAPICases" name="Execute_QuoteValidation_EndPoint_TriplePlay_XB6_Bluesky">
    <skipped/>
  </testcase> <!-- Execute_QuoteValidation_EndPoint_TriplePlay_XB6_Bluesky -->
  <system-out/>
  <testcase classname="com.netcracker.shaw.SoupUIRestAPICases" name="Execute_GetOrderList_ByCustAccnt_EndPoint_TriplePlay_XB6_X1Gateway">
    <skipped/>
  </testcase> <!-- Execute_GetOrderList_ByCustAccnt_EndPoint_TriplePlay_XB6_X1Gateway -->
  <system-out/>
  <testcase classname="com.netcracker.shaw.SoupUIRestAPICases" name="Execute_Get_OrderbyID_Endpoint_Tripleplay_Customer">
    <skipped/>
  </testcase> <!-- Execute_Get_OrderbyID_Endpoint_Tripleplay_Customer -->
  <system-out/>
  <testcase classname="com.netcracker.shaw.SoupUIRestAPICases" name="Execute_CustServiceAgreement_Generate_ServiceAgreement_TriplePay">
    <skipped/>
  </testcase> <!-- Execute_CustServiceAgreement_Generate_ServiceAgreement_TriplePay -->
  <system-out/>
  <testcase classname="com.netcracker.shaw.SoupUIRestAPICases" name="Execute_GetProduct_HighLevelEndpoint_TriplePlayXB6_X1Gateway">
    <skipped/>
  </testcase> <!-- Execute_GetProduct_HighLevelEndpoint_TriplePlayXB6_X1Gateway -->
  <system-out/>
  <testcase classname="com.netcracker.shaw.SoupUIRestAPICases" name="Execute_GetAccount_ByID_TriplePlay_XB6Converged_X1Gateway">
    <skipped/>
  </testcase> <!-- Execute_GetAccount_ByID_TriplePlay_XB6Converged_X1Gateway -->
  <system-out/>
  <testcase classname="com.netcracker.shaw.SoupUIRestAPICases" name="ERP_Disconnect_Order_Submission_SinglePlay_Two_Active_Devices">
    <skipped/>
  </testcase> <!-- ERP_Disconnect_Order_Submission_SinglePlay_Two_Active_Devices -->
  <system-out/>
  <testcase classname="com.netcracker.shaw.SoupUIRestAPICases" name="ERP_Disconnect_Order_Submission_SinglePlay">
    <skipped/>
  </testcase> <!-- ERP_Disconnect_Order_Submission_SinglePlay -->
  <system-out/>
  <testcase classname="com.netcracker.shaw.SoupUIRestAPICases" name="Execute_NPD_EndPoint_TriplePlay_XB6_X1Gateway">
    <skipped/>
  </testcase> <!-- Execute_NPD_EndPoint_TriplePlay_XB6_X1Gateway -->
  <system-out/>
  <testcase classname="com.netcracker.shaw.SoupUIRestAPICases" name="Execute_GetOrderDetails_ByCustAccnt_EndPoint_TriplePlay_XB6_X1Gateway">
    <skipped/>
  </testcase> <!-- Execute_GetOrderDetails_ByCustAccnt_EndPoint_TriplePlay_XB6_X1Gateway -->
  <system-out/>
  <testcase classname="com.netcracker.shaw.SoupUIRestAPICases" name="QuoteValidation_EndPoint_SSLServices_DPT_Hitron_Moxi_PickAndPay">
    <skipped/>
  </testcase> <!-- QuoteValidation_EndPoint_SSLServices_DPT_Hitron_Moxi_PickAndPay -->
  <system-out/>
  <testcase classname="com.netcracker.shaw.SoupUIRestAPICases" name="Execute_GetAc_Equipment_SlNBR_Endpoint_GetDetails_TriplePlayXB6_X1Gateway">
    <skipped/>
  </testcase> <!-- Execute_GetAc_Equipment_SlNBR_Endpoint_GetDetails_TriplePlayXB6_X1Gateway -->
  <system-out/>
</testsuite> <!-- com.netcracker.shaw.SoupUIRestAPICases -->
