<?xml version="1.0" encoding="UTF-8"?>
<!-- Generated by org.testng.reporters.JUnitReportReporter -->
<testsuite hostname="WS-20113" failures="1" tests="7" name="com.netcracker.shaw.ResumeCases" time="831.550" errors="0" timestamp="2022-12-28T11:07:31 IST" skipped="6">
  <testcase classname="com.netcracker.shaw.ResumeCases" name="Resume_TCIS_Suspension_Changing_Snowbird_EndDate" time="831.550">
    <failure message="no such element: Unable to locate element: {&quot;method&quot;:&quot;xpath&quot;,&quot;selector&quot;:&quot;//input[@id=&#039;customer-email_main&#039;]&quot;}
  (Session info: chrome=108.0.5359.125)
For documentation on this error, please visit: https://www.seleniumhq.org/exceptions/no_such_element.html
Build info: version: &#039;3.141.59&#039;, revision: &#039;e82be7d358&#039;, time: &#039;2018-11-14T08:25:53&#039;
System info: host: &#039;WS-20113&#039;, ip: &#039;10.236.166.38&#039;, os.name: &#039;Windows 10&#039;, os.arch: &#039;amd64&#039;, os.version: &#039;10.0&#039;, java.version: &#039;18.0.1&#039;
Driver info: org.openqa.selenium.chrome.ChromeDriver
Capabilities {acceptInsecureCerts: false, browserName: chrome, browserVersion: 108.0.5359.125, chrome: {chromedriverVersion: 108.0.5359.71 (1e0e3868ee06..., userDataDir: C:\Users\gubh0522\AppData\L...}, goog:chromeOptions: {debuggerAddress: localhost:60036}, javascriptEnabled: true, networkConnectionEnabled: false, pageLoadStrategy: normal, platform: WINDOWS, platformName: WINDOWS, proxy: Proxy(), setWindowRect: true, strictFileInteractability: false, timeouts: {implicit: 0, pageLoad: 300000, script: 30000}, unhandledPromptBehavior: dismiss and notify, webauthn:extension:credBlob: true, webauthn:extension:largeBlob: true, webauthn:virtualAuthenticators: true}
Session ID: 95a044b7982ba194ecf96df39cf472be
*** Element info: {Using=xpath, value=//input[@id=&#039;customer-email_main&#039;]} expected [true] but found [false]" type="java.lang.AssertionError">
      <![CDATA[java.lang.AssertionError: no such element: Unable to locate element: {"method":"xpath","selector":"//input[@id='customer-email_main']"}
  (Session info: chrome=108.0.5359.125)
For documentation on this error, please visit: https://www.seleniumhq.org/exceptions/no_such_element.html
Build info: version: '3.141.59', revision: 'e82be7d358', time: '2018-11-14T08:25:53'
System info: host: 'WS-20113', ip: '10.236.166.38', os.name: 'Windows 10', os.arch: 'amd64', os.version: '10.0', java.version: '18.0.1'
Driver info: org.openqa.selenium.chrome.ChromeDriver
Capabilities {acceptInsecureCerts: false, browserName: chrome, browserVersion: 108.0.5359.125, chrome: {chromedriverVersion: 108.0.5359.71 (1e0e3868ee06..., userDataDir: C:\Users\gubh0522\AppData\L...}, goog:chromeOptions: {debuggerAddress: localhost:60036}, javascriptEnabled: true, networkConnectionEnabled: false, pageLoadStrategy: normal, platform: WINDOWS, platformName: WINDOWS, proxy: Proxy(), setWindowRect: true, strictFileInteractability: false, timeouts: {implicit: 0, pageLoad: 300000, script: 30000}, unhandledPromptBehavior: dismiss and notify, webauthn:extension:credBlob: true, webauthn:extension:largeBlob: true, webauthn:virtualAuthenticators: true}
Session ID: 95a044b7982ba194ecf96df39cf472be
*** Element info: {Using=xpath, value=//input[@id='customer-email_main']} expected [true] but found [false]
at org.testng.Assert.fail(Assert.java:99)
at org.testng.Assert.failNotEquals(Assert.java:1037)
at org.testng.Assert.assertTrue(Assert.java:45)
at com.netcracker.shaw.at_shaw_sd.pageobject.OrderCreationPage.AddcustomerEmailAddress(OrderCreationPage.java:455)
at com.netcracker.shaw.ResumeCases.Resume_TCIS_Suspension_Changing_Snowbird_EndDate(ResumeCases.java:828)
at java.base/jdk.internal.reflect.DirectMethodHandleAccessor.invoke(DirectMethodHandleAccessor.java:104)
at java.base/java.lang.reflect.Method.invoke(Method.java:577)
at org.testng.internal.MethodInvocationHelper.invokeMethod(MethodInvocationHelper.java:133)
at org.testng.internal.TestInvoker.invokeMethod(TestInvoker.java:598)
at org.testng.internal.TestInvoker.invokeTestMethod(TestInvoker.java:173)
at org.testng.internal.MethodRunner.runInSequence(MethodRunner.java:46)
at org.testng.internal.TestInvoker$MethodInvocationAgent.invoke(TestInvoker.java:824)
at org.testng.internal.TestInvoker.invokeTestMethods(TestInvoker.java:146)
at org.testng.internal.TestMethodWorker.invokeTestMethods(TestMethodWorker.java:146)
at org.testng.internal.TestMethodWorker.run(TestMethodWorker.java:128)
at java.base/java.util.ArrayList.forEach(ArrayList.java:1511)
at org.testng.TestRunner.privateRun(TestRunner.java:794)
at org.testng.TestRunner.run(TestRunner.java:596)
at org.testng.SuiteRunner.runTest(SuiteRunner.java:377)
at org.testng.SuiteRunner.runSequentially(SuiteRunner.java:371)
at org.testng.SuiteRunner.privateRun(SuiteRunner.java:332)
at org.testng.SuiteRunner.run(SuiteRunner.java:276)
at org.testng.SuiteRunnerWorker.runSuite(SuiteRunnerWorker.java:53)
at org.testng.SuiteRunnerWorker.run(SuiteRunnerWorker.java:96)
at org.testng.TestNG.runSuitesSequentially(TestNG.java:1212)
at org.testng.TestNG.runSuitesLocally(TestNG.java:1134)
at org.testng.TestNG.runSuites(TestNG.java:1063)
at org.testng.TestNG.run(TestNG.java:1031)
at org.testng.remote.AbstractRemoteTestNG.run(AbstractRemoteTestNG.java:115)
at org.testng.remote.RemoteTestNG.initAndRun(RemoteTestNG.java:251)
at org.testng.remote.RemoteTestNG.main(RemoteTestNG.java:77)
]]>
    </failure>
  </testcase> <!-- Resume_TCIS_Suspension_Changing_Snowbird_EndDate -->
  <system-out/>
  <testcase classname="com.netcracker.shaw.ResumeCases" name="AutoResume_AfterYdays_NewCust_ProvisionCust_Confirmation_Yes">
    <skipped/>
  </testcase> <!-- AutoResume_AfterYdays_NewCust_ProvisionCust_Confirmation_Yes -->
  <system-out/>
  <testcase classname="com.netcracker.shaw.ResumeCases" name="Resume_TriplePlay_TCIS">
    <skipped/>
  </testcase> <!-- Resume_TriplePlay_TCIS -->
  <system-out/>
  <testcase classname="com.netcracker.shaw.ResumeCases" name="Resume_DPT_Hitron_Moxi">
    <skipped/>
  </testcase> <!-- Resume_DPT_Hitron_Moxi -->
  <system-out/>
  <testcase classname="com.netcracker.shaw.ResumeCases" name="Resume_TriplePlay">
    <skipped/>
  </testcase> <!-- Resume_TriplePlay -->
  <system-out/>
  <testcase classname="com.netcracker.shaw.ResumeCases" name="AutoResume_Ydays_New_RetailPickupS_DF_Yes_InflightAfter_2Days">
    <skipped/>
  </testcase> <!-- AutoResume_Ydays_New_RetailPickupS_DF_Yes_InflightAfter_2Days -->
  <system-out/>
  <testcase classname="com.netcracker.shaw.ResumeCases" name="AutoCancel_AfterYdays_ExistingCust_AddingNewHwd_Directfulfilment_Yes">
    <skipped/>
  </testcase> <!-- AutoCancel_AfterYdays_ExistingCust_AddingNewHwd_Directfulfilment_Yes -->
  <system-out/>
</testsuite> <!-- com.netcracker.shaw.ResumeCases -->
