<?xml version="1.0" encoding="UTF-8"?>
<!-- Generated by org.testng.reporters.JUnitReportReporter -->
<testsuite hostname="WS-20113" failures="1" tests="3" name="com.netcracker.shaw.PromotionsServiceAgreementCases" time="434.108" errors="0" timestamp="2022-12-28T19:09:44 IST" skipped="2">
  <testcase classname="com.netcracker.shaw.PromotionsServiceAgreementCases" name="Verify_ChangeVP_Agreement_1P2P_Generate_Agreement_Btn" time="434.108">
    <failure message="null" type="java.lang.AssertionError">
      <![CDATA[java.lang.AssertionError: null
at org.testng.Assert.fail(Assert.java:99)
at org.testng.Assert.fail(Assert.java:106)
at com.netcracker.shaw.at_shaw_sd.pageobject.BasePage.click(BasePage.java:79)
at com.netcracker.shaw.at_shaw_sd.pageobject.OrderCreationPage.addTVPriceGuarenteePramotions(OrderCreationPage.java:1769)
at com.netcracker.shaw.PromotionsServiceAgreementCases.Verify_ChangeVP_Agreement_1P2P_Generate_Agreement_Btn(PromotionsServiceAgreementCases.java:293)
at java.base/jdk.internal.reflect.DirectMethodHandleAccessor.invoke(DirectMethodHandleAccessor.java:104)
at java.base/java.lang.reflect.Method.invoke(Method.java:577)
at org.testng.internal.MethodInvocationHelper.invokeMethod(MethodInvocationHelper.java:133)
at org.testng.internal.TestInvoker.invokeMethod(TestInvoker.java:598)
at org.testng.internal.TestInvoker.invokeTestMethod(TestInvoker.java:173)
at org.testng.internal.MethodRunner.runInSequence(MethodRunner.java:46)
at org.testng.internal.TestInvoker$MethodInvocationAgent.invoke(TestInvoker.java:824)
at org.testng.internal.TestInvoker.invokeTestMethods(TestInvoker.java:146)
at org.testng.internal.TestMethodWorker.invokeTestMethods(TestMethodWorker.java:146)
at org.testng.internal.TestMethodWorker.run(TestMethodWorker.java:128)
at java.base/java.util.ArrayList.forEach(ArrayList.java:1511)
at org.testng.TestRunner.privateRun(TestRunner.java:794)
at org.testng.TestRunner.run(TestRunner.java:596)
at org.testng.SuiteRunner.runTest(SuiteRunner.java:377)
at org.testng.SuiteRunner.runSequentially(SuiteRunner.java:371)
at org.testng.SuiteRunner.privateRun(SuiteRunner.java:332)
at org.testng.SuiteRunner.run(SuiteRunner.java:276)
at org.testng.SuiteRunnerWorker.runSuite(SuiteRunnerWorker.java:53)
at org.testng.SuiteRunnerWorker.run(SuiteRunnerWorker.java:96)
at org.testng.TestNG.runSuitesSequentially(TestNG.java:1212)
at org.testng.TestNG.runSuitesLocally(TestNG.java:1134)
at org.testng.TestNG.runSuites(TestNG.java:1063)
at org.testng.TestNG.run(TestNG.java:1031)
at org.testng.remote.AbstractRemoteTestNG.run(AbstractRemoteTestNG.java:115)
at org.testng.remote.RemoteTestNG.initAndRun(RemoteTestNG.java:251)
at org.testng.remote.RemoteTestNG.main(RemoteTestNG.java:77)
]]>
    </failure>
  </testcase> <!-- Verify_ChangeVP_Agreement_1P2P_Generate_Agreement_Btn -->
  <system-out/>
  <testcase classname="com.netcracker.shaw.PromotionsServiceAgreementCases" name="Validate_2YVPInt_Tvagreement_disable_with_TCIS">
    <skipped/>
  </testcase> <!-- Validate_2YVPInt_Tvagreement_disable_with_TCIS -->
  <system-out/>
  <testcase classname="com.netcracker.shaw.PromotionsServiceAgreementCases" name="Activate_Int_conv_TVBoxPortal_2YVPInt_Tvagreement">
    <skipped/>
  </testcase> <!-- Activate_Int_conv_TVBoxPortal_2YVPInt_Tvagreement -->
  <system-out/>
</testsuite> <!-- com.netcracker.shaw.PromotionsServiceAgreementCases -->
